[INFO] Scanning for projects...
[INFO] 
[INFO] ----------------------< com.revature:api-gateway >----------------------
[INFO] Building api-gateway 1.0.0-SNAPSHOT
[INFO]   from pom.xml
[INFO] --------------------------------[ jar ]---------------------------------
[INFO] 
[INFO] --- clean:3.2.0:clean (default-clean) @ api-gateway ---
[INFO] Deleting C:\Users\DELL\Downloads\RevPassword_Manager-Microservices\infrastructure\api-gateway\target
[INFO] 
[INFO] --- resources:3.3.1:resources (default-resources) @ api-gateway ---
[WARNING] Using platform encoding (UTF-8 actually) to copy filtered resources, i.e. build is platform dependent!
[INFO] Copying 1 resource from src\main\resources to target\classes
[INFO] 
[INFO] --- compiler:3.13.0:compile (default-compile) @ api-gateway ---
[INFO] Recompiling the module because of changed source code.
[WARNING] File encoding has not been set, using platform encoding UTF-8, i.e. build is platform dependent!
[INFO] Compiling 2 source files with javac [debug target 1.8] to target\classes
[WARNING] bootstrap class path not set in conjunction with -source 8
[WARNING] source value 8 is obsolete and will be removed in a future release
[WARNING] target value 8 is obsolete and will be removed in a future release
[WARNING] To suppress warnings about obsolete options, use -Xlint:-options.
[INFO] 
[INFO] --- resources:3.3.1:testResources (default-testResources) @ api-gateway ---
[WARNING] Using platform encoding (UTF-8 actually) to copy filtered resources, i.e. build is platform dependent!
[INFO] skip non existing resourceDirectory C:\Users\DELL\Downloads\RevPassword_Manager-Microservices\infrastructure\api-gateway\src\test\resources
[INFO] 
[INFO] --- compiler:3.13.0:testCompile (default-testCompile) @ api-gateway ---
[INFO] No sources to compile
[INFO] 
[INFO] --- surefire:3.2.5:test (default-test) @ api-gateway ---
[INFO] Tests are skipped.
[INFO] 
[INFO] --- jar:3.4.1:jar (default-jar) @ api-gateway ---
[INFO] Building jar: C:\Users\DELL\Downloads\RevPassword_Manager-Microservices\infrastructure\api-gateway\target\api-gateway-1.0.0-SNAPSHOT.jar
[INFO] 
[INFO] --- install:3.1.2:install (default-install) @ api-gateway ---
[INFO] Installing C:\Users\DELL\Downloads\RevPassword_Manager-Microservices\infrastructure\api-gateway\pom.xml to C:\Users\DELL\.m2\repository\com\revature\api-gateway\1.0.0-SNAPSHOT\api-gateway-1.0.0-SNAPSHOT.pom
[INFO] Installing C:\Users\DELL\Downloads\RevPassword_Manager-Microservices\infrastructure\api-gateway\target\api-gateway-1.0.0-SNAPSHOT.jar to C:\Users\DELL\.m2\repository\com\revature\api-gateway\1.0.0-SNAPSHOT\api-gateway-1.0.0-SNAPSHOT.jar
[INFO] ------------------------------------------------------------------------
[INFO] BUILD SUCCESS
[INFO] ------------------------------------------------------------------------
[INFO] Total time:  4.842 s
[INFO] Finished at: 2026-03-11T22:57:57+05:30
[INFO] ------------------------------------------------------------------------
