[INFO] Scanning for projects...
[INFO] 
[INFO] -----------------< com.revature:notification-service >------------------
[INFO] Building notification-service 1.0.0-SNAPSHOT
[INFO]   from pom.xml
[INFO] --------------------------------[ jar ]---------------------------------
[INFO] 
[INFO] --- clean:3.2.0:clean (default-clean) @ notification-service ---
[INFO] Deleting C:\Users\DELL\Downloads\RevPassword_Manager-Microservices\microservices\notification-service\target
[INFO] 
[INFO] --- resources:3.3.1:resources (default-resources) @ notification-service ---
[WARNING] Using platform encoding (UTF-8 actually) to copy filtered resources, i.e. build is platform dependent!
[INFO] Copying 1 resource from src\main\resources to target\classes
[INFO] 
[INFO] --- compiler:3.13.0:compile (default-compile) @ notification-service ---
[INFO] Recompiling the module because of changed source code.
[WARNING] File encoding has not been set, using platform encoding UTF-8, i.e. build is platform dependent!
[INFO] Compiling 8 source files with javac [debug target 1.8] to target\classes
[WARNING] bootstrap class path not set in conjunction with -source 8
[WARNING] source value 8 is obsolete and will be removed in a future release
[WARNING] target value 8 is obsolete and will be removed in a future release
[WARNING] To suppress warnings about obsolete options, use -Xlint:-options.
[INFO] Annotation processing is enabled because one or more processors were found
  on the class path. A future release of javac may disable annotation processing
  unless at least one processor is specified by name (-processor), or a search
  path is specified (--processor-path, --processor-module-path), or annotation
  processing is enabled explicitly (-proc:only, -proc:full).
  Use -Xlint:-options to suppress this message.
  Use -proc:none to disable annotation processing.
[INFO] 
[INFO] --- resources:3.3.1:testResources (default-testResources) @ notification-service ---
[WARNING] Using platform encoding (UTF-8 actually) to copy filtered resources, i.e. build is platform dependent!
[INFO] skip non existing resourceDirectory C:\Users\DELL\Downloads\RevPassword_Manager-Microservices\microservices\notification-service\src\test\resources
[INFO] 
[INFO] --- compiler:3.13.0:testCompile (default-testCompile) @ notification-service ---
[INFO] No sources to compile
[INFO] 
[INFO] --- surefire:3.2.5:test (default-test) @ notification-service ---
[INFO] Tests are skipped.
[INFO] 
[INFO] --- jar:3.4.1:jar (default-jar) @ notification-service ---
[INFO] Building jar: C:\Users\DELL\Downloads\RevPassword_Manager-Microservices\microservices\notification-service\target\notification-service-1.0.0-SNAPSHOT.jar
[INFO] 
[INFO] --- install:3.1.2:install (default-install) @ notification-service ---
[INFO] Installing C:\Users\DELL\Downloads\RevPassword_Manager-Microservices\microservices\notification-service\pom.xml to C:\Users\DELL\.m2\repository\com\revature\notification-service\1.0.0-SNAPSHOT\notification-service-1.0.0-SNAPSHOT.pom
[INFO] Installing C:\Users\DELL\Downloads\RevPassword_Manager-Microservices\microservices\notification-service\target\notification-service-1.0.0-SNAPSHOT.jar to C:\Users\DELL\.m2\repository\com\revature\notification-service\1.0.0-SNAPSHOT\notification-service-1.0.0-SNAPSHOT.jar
[INFO] ------------------------------------------------------------------------
[INFO] BUILD SUCCESS
[INFO] ------------------------------------------------------------------------
[INFO] Total time:  5.269 s
[INFO] Finished at: 2026-03-11T22:53:58+05:30
[INFO] ------------------------------------------------------------------------
