[INFO] Scanning for projects...
[INFO] 
[INFO] ---------------------< com.revature:user-service >----------------------
[INFO] Building user-service 1.0.0-SNAPSHOT
[INFO]   from pom.xml
[INFO] --------------------------------[ jar ]---------------------------------
[INFO] 
[INFO] --- clean:3.2.0:clean (default-clean) @ user-service ---
[INFO] Deleting C:\Users\DELL\Downloads\RevPassword_Manager-Microservices\microservices\user-service\target
[INFO] 
[INFO] --- resources:3.3.1:resources (default-resources) @ user-service ---
[WARNING] Using platform encoding (UTF-8 actually) to copy filtered resources, i.e. build is platform dependent!
[INFO] Copying 1 resource from src\main\resources to target\classes
[INFO] 
[INFO] --- compiler:3.13.0:compile (default-compile) @ user-service ---
[INFO] Recompiling the module because of changed source code.
[WARNING] File encoding has not been set, using platform encoding UTF-8, i.e. build is platform dependent!
[INFO] Compiling 34 source files with javac [debug target 1.8] to target\classes
#
# There is insufficient memory for the Java Runtime Environment to continue.
# Native memory allocation (malloc) failed to allocate 1079536 bytes for Chunk::new
# An error report file with more information is saved as:
# C:\Users\DELL\Downloads\RevPassword_Manager-Microservices\microservices\user-service\hs_err_pid24536.log
#
# Compiler replay data is saved as:
# C:\Users\DELL\Downloads\RevPassword_Manager-Microservices\microservices\user-service\replay_pid24536.log
