#
# There is insufficient memory for the Java Runtime Environment to continue.
# Native memory allocation (malloc) failed to allocate 1079536 bytes for Chunk::new
# Possible reasons:
#   The system is out of physical RAM or swap space
#   The process is running with CompressedOops enabled, and the Java Heap may be blocking the growth of the native heap
# Possible solutions:
#   Reduce memory load on the system
#   Increase physical memory or swap space
#   Check if swap backing store is full
#   Decrease Java heap size (-Xmx/-Xms)
#   Decrease number of Java threads
#   Decrease Java thread stack sizes (-Xss)
#   Set larger code cache with -XX:ReservedCodeCacheSize=
#   JVM is running with Unscaled Compressed Oops mode in which the Java heap is
#     placed in the first 4GB address space. The Java Heap base address is the
#     maximum limit for the native heap growth. Please use -XX:HeapBaseMinAddress
#     to set the Java Heap base and to place the Java Heap above 4GB virtual address.
# This output file may be truncated or incomplete.
#
#  Out of Memory Error (arena.cpp:168), pid=24536, tid=22968
#
# JRE version: Java(TM) SE Runtime Environment (21.0.9+7) (build 21.0.9+7-LTS-338)
# Java VM: Java HotSpot(TM) 64-Bit Server VM (21.0.9+7-LTS-338, mixed mode, sharing, tiered, compressed oops, compressed class ptrs, g1 gc, windows-amd64)
# No core dump will be written. Minidumps are not enabled by default on client versions of Windows
#

---------------  S U M M A R Y ------------

Command Line: -Dclassworlds.conf=C:\Users\DELL\apache-maven-3.9.9\bin\m2.conf -Dmaven.home=C:\Users\DELL\apache-maven-3.9.9 -Dlibrary.jansi.path=C:\Users\DELL\apache-maven-3.9.9\lib\jansi-native -Dmaven.multiModuleProjectDirectory=C:\Users\DELL\Downloads\RevPassword_Manager-Microservices\microservices\user-service org.codehaus.plexus.classworlds.launcher.Launcher clean install -DskipTests

Host: 11th Gen Intel(R) Core(TM) i3-1115G4 @ 3.00GHz, 4 cores, 7G,  Windows 11 , 64 bit Build 26100 (10.0.26100.7920)
Time: Wed Mar 11 23:31:59 2026 India Standard Time elapsed time: 15.178160 seconds (0d 0h 0m 15s)

---------------  T H R E A D  ---------------

Current thread (0x000001b7d7c92fb0):  JavaThread "C2 CompilerThread0" daemon [_thread_in_native, id=22968, stack(0x000000810db00000,0x000000810dc00000) (1024K)]


Current CompileTask:
C2:  15178 7656       4       com.sun.tools.javac.comp.Resolve::findInheritedMemberType (186 bytes)

Stack: [0x000000810db00000,0x000000810dc00000]
Native frames: (J=compiled Java code, j=interpreted, Vv=VM code, C=native code)
V  [jvm.dll+0x6cbf89]
V  [jvm.dll+0x858421]
V  [jvm.dll+0x85a94e]
V  [jvm.dll+0x85b023]
V  [jvm.dll+0x27ebc6]
V  [jvm.dll+0xc4f4d]
V  [jvm.dll+0xc5483]
V  [jvm.dll+0x3b69c2]
V  [jvm.dll+0x382925]
V  [jvm.dll+0x381d9a]
V  [jvm.dll+0x247640]
V  [jvm.dll+0x246c1f]
V  [jvm.dll+0x1c7a3e]
V  [jvm.dll+0x256329]
V  [jvm.dll+0x2548ba]
V  [jvm.dll+0x3efdee]
V  [jvm.dll+0x80265b]
V  [jvm.dll+0x6ca66d]
C  [ucrtbase.dll+0x37b0]
C  [KERNEL32.DLL+0x2e8d7]
C  [ntdll.dll+0x8c48c]


---------------  P R O C E S S  ---------------

Threads class SMR info:
_java_thread_list=0x000001b82010d800, length=13, elements={
0x000001b7b9ae24a0, 0x000001b7d7c70ab0, 0x000001b7d7c74090, 0x000001b7d7c75e60,
0x000001b7d7c76e40, 0x000001b7d7c7c090, 0x000001b7d7c895a0, 0x000001b7d7c92fb0,
0x000001b7d7c98570, 0x000001b81d0f5630, 0x000001b81d102290, 0x000001b81e276ec0,
0x000001b81f850bf0
}
_to_delete_list=0x000001b81ea14c60, length=12, elements={
0x000001b7b9ae24a0, 0x000001b7d7c70ab0, 0x000001b7d7c74090, 0x000001b7d7c75e60,
0x000001b7d7c76e40, 0x000001b7d7c7c090, 0x000001b7d7c895a0, 0x000001b7d7c92fb0,
0x000001b7d7c98570, 0x000001b81d0f5630, 0x000001b81d102290, 0x000001b81e276ec0
}

Java Threads: ( => current thread )
  0x000001b7b9ae24a0 JavaThread "main"                              [_thread_in_Java, id=16276, stack(0x000000810cd00000,0x000000810ce00000) (1024K)]
  0x000001b7d7c70ab0 JavaThread "Reference Handler"          daemon [_thread_blocked, id=10752, stack(0x000000810d500000,0x000000810d600000) (1024K)]
  0x000001b7d7c74090 JavaThread "Finalizer"                  daemon [_thread_blocked, id=13992, stack(0x000000810d600000,0x000000810d700000) (1024K)]
  0x000001b7d7c75e60 JavaThread "Signal Dispatcher"          daemon [_thread_blocked, id=9100, stack(0x000000810d700000,0x000000810d800000) (1024K)]
  0x000001b7d7c76e40 JavaThread "Attach Listener"            daemon [_thread_blocked, id=13520, stack(0x000000810d800000,0x000000810d900000) (1024K)]
  0x000001b7d7c7c090 JavaThread "Service Thread"             daemon [_thread_blocked, id=19532, stack(0x000000810d900000,0x000000810da00000) (1024K)]
  0x000001b7d7c895a0 JavaThread "Monitor Deflation Thread"   daemon [_thread_blocked, id=6100, stack(0x000000810da00000,0x000000810db00000) (1024K)]
=>0x000001b7d7c92fb0 JavaThread "C2 CompilerThread0"         daemon [_thread_in_native, id=22968, stack(0x000000810db00000,0x000000810dc00000) (1024K)]
  0x000001b7d7c98570 JavaThread "C1 CompilerThread0"         daemon [_thread_blocked, id=11276, stack(0x000000810dc00000,0x000000810dd00000) (1024K)]
  0x000001b81d0f5630 JavaThread "Notification Thread"        daemon [_thread_blocked, id=10500, stack(0x000000810dd00000,0x000000810de00000) (1024K)]
  0x000001b81d102290 JavaThread "Common-Cleaner"             daemon [_thread_blocked, id=22748, stack(0x000000810de00000,0x000000810df00000) (1024K)]
  0x000001b81e276ec0 JavaThread "Thread-1"                   daemon [_thread_blocked, id=19632, stack(0x000000810e300000,0x000000810e400000) (1024K)]
  0x000001b81f850bf0 JavaThread "C2 CompilerThread1"         daemon [_thread_in_native, id=23868, stack(0x000000810e200000,0x000000810e300000) (1024K)]
Total: 13

Other Threads:
  0x000001b7d7c51bf0 VMThread "VM Thread"                           [id=19012, stack(0x000000810d400000,0x000000810d500000) (1024K)]
  0x000001b7d7c41980 WatcherThread "VM Periodic Task Thread"        [id=23272, stack(0x000000810d300000,0x000000810d400000) (1024K)]
  0x000001b7bbca9b30 WorkerThread "GC Thread#0"                     [id=932, stack(0x000000810ce00000,0x000000810cf00000) (1024K)]
  0x000001b81d6b7cb0 WorkerThread "GC Thread#1"                     [id=7672, stack(0x000000810df00000,0x000000810e000000) (1024K)]
  0x000001b81d80d4b0 WorkerThread "GC Thread#2"                     [id=13572, stack(0x000000810e000000,0x000000810e100000) (1024K)]
  0x000001b81d80d860 WorkerThread "GC Thread#3"                     [id=20724, stack(0x000000810e100000,0x000000810e200000) (1024K)]
  0x000001b7bbcba2a0 ConcurrentGCThread "G1 Main Marker"            [id=17552, stack(0x000000810cf00000,0x000000810d000000) (1024K)]
  0x000001b7bbcbbc30 WorkerThread "G1 Conc#0"                       [id=24312, stack(0x000000810d000000,0x000000810d100000) (1024K)]
  0x000001b7d7b0f130 ConcurrentGCThread "G1 Refine#0"               [id=17696, stack(0x000000810d100000,0x000000810d200000) (1024K)]
  0x000001b7d7b0fa50 ConcurrentGCThread "G1 Service"                [id=908, stack(0x000000810d200000,0x000000810d300000) (1024K)]
Total: 10

Threads with active compile tasks:
C2 CompilerThread0    15212 7656       4       com.sun.tools.javac.comp.Resolve::findInheritedMemberType (186 bytes)
C2 CompilerThread1    15212 7824       4       com.sun.tools.javac.comp.Resolve::findMemberType (33 bytes)
Total: 2

VM state: not at safepoint (normal execution)

VM Mutex/Monitor currently owned by a thread: None

Heap address: 0x0000000084400000, size: 1980 MB, Compressed Oops mode: 32-bit

CDS archive(s) mapped at: [0x000001b7d8000000-0x000001b7d8c90000-0x000001b7d8c90000), size 13172736, SharedBaseAddress: 0x000001b7d8000000, ArchiveRelocationMode: 1.
Compressed class space mapped at: 0x000001b7d9000000-0x000001b819000000, reserved size: 1073741824
Narrow klass base: 0x000001b7d8000000, Narrow klass shift: 0, Narrow klass range: 0x100000000

GC Precious Log:
 CardTable entry size: 512
 Card Set container configuration: InlinePtr #cards 5 size 8 Array Of Cards #cards 12 size 40 Howl #buckets 4 coarsen threshold 1843 Howl Bitmap #cards 512 size 80 coarsen threshold 460 Card regions per heap region 1 cards per card region 2048
 CPUs: 4 total, 4 available
 Memory: 7914M
 Large Page Support: Disabled
 NUMA Support: Disabled
 Compressed Oops: Enabled (32-bit)
 Heap Region Size: 1M
 Heap Min Capacity: 8M
 Heap Initial Capacity: 124M
 Heap Max Capacity: 1980M
 Pre-touch: Disabled
 Parallel Workers: 4
 Concurrent Workers: 1
 Concurrent Refinement Workers: 4
 Periodic GC: Disabled

Heap:
 garbage-first heap   total 91136K, used 62708K [0x0000000084400000, 0x0000000100000000)
  region size 1024K, 17 young (17408K), 3 survivors (3072K)
 Metaspace       used 30419K, committed 30912K, reserved 1114112K
  class space    used 3318K, committed 3584K, reserved 1048576K

Heap Regions: E=young(eden), S=young(survivor), O=old, HS=humongous(starts), HC=humongous(continues), CS=collection set, F=free, TAMS=top-at-mark-start, PB=parsable bottom
|   0|0x0000000084400000, 0x0000000084500000, 0x0000000084500000|100%| O|  |TAMS 0x0000000084400000| PB 0x0000000084400000| Untracked 
|   1|0x0000000084500000, 0x0000000084600000, 0x0000000084600000|100%| O|  |TAMS 0x0000000084500000| PB 0x0000000084500000| Untracked 
|   2|0x0000000084600000, 0x0000000084700000, 0x0000000084700000|100%| O|  |TAMS 0x0000000084600000| PB 0x0000000084600000| Untracked 
|   3|0x0000000084700000, 0x0000000084800000, 0x0000000084800000|100%| O|  |TAMS 0x0000000084700000| PB 0x0000000084700000| Untracked 
|   4|0x0000000084800000, 0x0000000084900000, 0x0000000084900000|100%| O|  |TAMS 0x0000000084800000| PB 0x0000000084800000| Untracked 
|   5|0x0000000084900000, 0x0000000084a00000, 0x0000000084a00000|100%| O|  |TAMS 0x0000000084900000| PB 0x0000000084900000| Untracked 
|   6|0x0000000084a00000, 0x0000000084b00000, 0x0000000084b00000|100%| O|  |TAMS 0x0000000084a00000| PB 0x0000000084a00000| Untracked 
|   7|0x0000000084b00000, 0x0000000084c00000, 0x0000000084c00000|100%| O|  |TAMS 0x0000000084b00000| PB 0x0000000084b00000| Untracked 
|   8|0x0000000084c00000, 0x0000000084d00000, 0x0000000084d00000|100%| O|  |TAMS 0x0000000084c00000| PB 0x0000000084c00000| Untracked 
|   9|0x0000000084d00000, 0x0000000084e00000, 0x0000000084e00000|100%| O|  |TAMS 0x0000000084d00000| PB 0x0000000084d00000| Untracked 
|  10|0x0000000084e00000, 0x0000000084f00000, 0x0000000084f00000|100%| O|  |TAMS 0x0000000084e00000| PB 0x0000000084e00000| Untracked 
|  11|0x0000000084f00000, 0x0000000085000000, 0x0000000085000000|100%|HS|  |TAMS 0x0000000084f00000| PB 0x0000000084f00000| Complete 
|  12|0x0000000085000000, 0x0000000085100000, 0x0000000085100000|100%|HS|  |TAMS 0x0000000085000000| PB 0x0000000085000000| Complete 
|  13|0x0000000085100000, 0x0000000085200000, 0x0000000085200000|100%|HS|  |TAMS 0x0000000085100000| PB 0x0000000085100000| Complete 
|  14|0x0000000085200000, 0x0000000085300000, 0x0000000085300000|100%|HS|  |TAMS 0x0000000085200000| PB 0x0000000085200000| Complete 
|  15|0x0000000085300000, 0x0000000085400000, 0x0000000085400000|100%| O|  |TAMS 0x0000000085300000| PB 0x0000000085300000| Untracked 
|  16|0x0000000085400000, 0x0000000085500000, 0x0000000085500000|100%| O|  |TAMS 0x0000000085400000| PB 0x0000000085400000| Untracked 
|  17|0x0000000085500000, 0x0000000085600000, 0x0000000085600000|100%| O|  |TAMS 0x0000000085500000| PB 0x0000000085500000| Untracked 
|  18|0x0000000085600000, 0x0000000085700000, 0x0000000085700000|100%| O|  |TAMS 0x0000000085600000| PB 0x0000000085600000| Untracked 
|  19|0x0000000085700000, 0x0000000085800000, 0x0000000085800000|100%| O|  |TAMS 0x0000000085700000| PB 0x0000000085700000| Untracked 
|  20|0x0000000085800000, 0x0000000085900000, 0x0000000085900000|100%| O|  |TAMS 0x0000000085800000| PB 0x0000000085800000| Untracked 
|  21|0x0000000085900000, 0x0000000085a00000, 0x0000000085a00000|100%| O|  |TAMS 0x0000000085900000| PB 0x0000000085900000| Untracked 
|  22|0x0000000085a00000, 0x0000000085b00000, 0x0000000085b00000|100%| O|  |TAMS 0x0000000085a00000| PB 0x0000000085a00000| Untracked 
|  23|0x0000000085b00000, 0x0000000085c00000, 0x0000000085c00000|100%| O|  |TAMS 0x0000000085b00000| PB 0x0000000085b00000| Untracked 
|  24|0x0000000085c00000, 0x0000000085d00000, 0x0000000085d00000|100%| O|  |TAMS 0x0000000085c00000| PB 0x0000000085c00000| Untracked 
|  25|0x0000000085d00000, 0x0000000085e00000, 0x0000000085e00000|100%| O|  |TAMS 0x0000000085d00000| PB 0x0000000085d00000| Untracked 
|  26|0x0000000085e00000, 0x0000000085f00000, 0x0000000085f00000|100%| O|  |TAMS 0x0000000085e00000| PB 0x0000000085e00000| Untracked 
|  27|0x0000000085f00000, 0x0000000086000000, 0x0000000086000000|100%| O|  |TAMS 0x0000000085f00000| PB 0x0000000085f00000| Untracked 
|  28|0x0000000086000000, 0x0000000086100000, 0x0000000086100000|100%| O|  |TAMS 0x0000000086000000| PB 0x0000000086000000| Untracked 
|  29|0x0000000086100000, 0x0000000086200000, 0x0000000086200000|100%| O|  |TAMS 0x0000000086100000| PB 0x0000000086100000| Untracked 
|  30|0x0000000086200000, 0x0000000086300000, 0x0000000086300000|100%| O|  |TAMS 0x0000000086200000| PB 0x0000000086200000| Untracked 
|  31|0x0000000086300000, 0x0000000086400000, 0x0000000086400000|100%| O|  |TAMS 0x0000000086300000| PB 0x0000000086300000| Untracked 
|  32|0x0000000086400000, 0x0000000086500000, 0x0000000086500000|100%| O|  |TAMS 0x0000000086400000| PB 0x0000000086400000| Untracked 
|  33|0x0000000086500000, 0x0000000086600000, 0x0000000086600000|100%| O|  |TAMS 0x0000000086500000| PB 0x0000000086500000| Untracked 
|  34|0x0000000086600000, 0x0000000086700000, 0x0000000086700000|100%| O|  |TAMS 0x0000000086600000| PB 0x0000000086600000| Untracked 
|  35|0x0000000086700000, 0x0000000086800000, 0x0000000086800000|100%| O|  |TAMS 0x0000000086700000| PB 0x0000000086700000| Untracked 
|  36|0x0000000086800000, 0x0000000086900000, 0x0000000086900000|100%| O|  |TAMS 0x0000000086800000| PB 0x0000000086800000| Untracked 
|  37|0x0000000086900000, 0x0000000086900000, 0x0000000086a00000|  0%| F|  |TAMS 0x0000000086900000| PB 0x0000000086900000| Untracked 
|  38|0x0000000086a00000, 0x0000000086a00000, 0x0000000086b00000|  0%| F|  |TAMS 0x0000000086a00000| PB 0x0000000086a00000| Untracked 
|  39|0x0000000086b00000, 0x0000000086b00000, 0x0000000086c00000|  0%| F|  |TAMS 0x0000000086b00000| PB 0x0000000086b00000| Untracked 
|  40|0x0000000086c00000, 0x0000000086c00000, 0x0000000086d00000|  0%| F|  |TAMS 0x0000000086c00000| PB 0x0000000086c00000| Untracked 
|  41|0x0000000086d00000, 0x0000000086d00000, 0x0000000086e00000|  0%| F|  |TAMS 0x0000000086d00000| PB 0x0000000086d00000| Untracked 
|  42|0x0000000086e00000, 0x0000000086e00000, 0x0000000086f00000|  0%| F|  |TAMS 0x0000000086e00000| PB 0x0000000086e00000| Untracked 
|  43|0x0000000086f00000, 0x0000000086f00000, 0x0000000087000000|  0%| F|  |TAMS 0x0000000086f00000| PB 0x0000000086f00000| Untracked 
|  44|0x0000000087000000, 0x0000000087000000, 0x0000000087100000|  0%| F|  |TAMS 0x0000000087000000| PB 0x0000000087000000| Untracked 
|  45|0x0000000087100000, 0x0000000087100000, 0x0000000087200000|  0%| F|  |TAMS 0x0000000087100000| PB 0x0000000087100000| Untracked 
|  46|0x0000000087200000, 0x0000000087200000, 0x0000000087300000|  0%| F|  |TAMS 0x0000000087200000| PB 0x0000000087200000| Untracked 
|  47|0x0000000087300000, 0x000000008733d2f0, 0x0000000087400000| 23%| S|CS|TAMS 0x0000000087300000| PB 0x0000000087300000| Complete 
|  48|0x0000000087400000, 0x0000000087500000, 0x0000000087500000|100%| S|CS|TAMS 0x0000000087400000| PB 0x0000000087400000| Complete 
|  49|0x0000000087500000, 0x0000000087600000, 0x0000000087600000|100%| S|CS|TAMS 0x0000000087500000| PB 0x0000000087500000| Complete 
|  50|0x0000000087600000, 0x0000000087600000, 0x0000000087700000|  0%| F|  |TAMS 0x0000000087600000| PB 0x0000000087600000| Untracked 
|  51|0x0000000087700000, 0x0000000087700000, 0x0000000087800000|  0%| F|  |TAMS 0x0000000087700000| PB 0x0000000087700000| Untracked 
|  52|0x0000000087800000, 0x0000000087800000, 0x0000000087900000|  0%| F|  |TAMS 0x0000000087800000| PB 0x0000000087800000| Untracked 
|  53|0x0000000087900000, 0x0000000087900000, 0x0000000087a00000|  0%| F|  |TAMS 0x0000000087900000| PB 0x0000000087900000| Untracked 
|  54|0x0000000087a00000, 0x0000000087a00000, 0x0000000087b00000|  0%| F|  |TAMS 0x0000000087a00000| PB 0x0000000087a00000| Untracked 
|  55|0x0000000087b00000, 0x0000000087b00000, 0x0000000087c00000|  0%| F|  |TAMS 0x0000000087b00000| PB 0x0000000087b00000| Untracked 
|  56|0x0000000087c00000, 0x0000000087c00000, 0x0000000087d00000|  0%| F|  |TAMS 0x0000000087c00000| PB 0x0000000087c00000| Untracked 
|  57|0x0000000087d00000, 0x0000000087d00000, 0x0000000087e00000|  0%| F|  |TAMS 0x0000000087d00000| PB 0x0000000087d00000| Untracked 
|  58|0x0000000087e00000, 0x0000000087e00000, 0x0000000087f00000|  0%| F|  |TAMS 0x0000000087e00000| PB 0x0000000087e00000| Untracked 
|  59|0x0000000087f00000, 0x0000000087f00000, 0x0000000088000000|  0%| F|  |TAMS 0x0000000087f00000| PB 0x0000000087f00000| Untracked 
|  60|0x0000000088000000, 0x0000000088000000, 0x0000000088100000|  0%| F|  |TAMS 0x0000000088000000| PB 0x0000000088000000| Untracked 
|  61|0x0000000088100000, 0x0000000088100000, 0x0000000088200000|  0%| F|  |TAMS 0x0000000088100000| PB 0x0000000088100000| Untracked 
|  62|0x0000000088200000, 0x0000000088200000, 0x0000000088300000|  0%| F|  |TAMS 0x0000000088200000| PB 0x0000000088200000| Untracked 
|  63|0x0000000088300000, 0x0000000088300000, 0x0000000088400000|  0%| F|  |TAMS 0x0000000088300000| PB 0x0000000088300000| Untracked 
|  64|0x0000000088400000, 0x0000000088400000, 0x0000000088500000|  0%| F|  |TAMS 0x0000000088400000| PB 0x0000000088400000| Untracked 
|  65|0x0000000088500000, 0x0000000088500000, 0x0000000088600000|  0%| F|  |TAMS 0x0000000088500000| PB 0x0000000088500000| Untracked 
|  66|0x0000000088600000, 0x0000000088680000, 0x0000000088700000| 50%| E|  |TAMS 0x0000000088600000| PB 0x0000000088600000| Complete 
|  67|0x0000000088700000, 0x0000000088800000, 0x0000000088800000|100%| E|CS|TAMS 0x0000000088700000| PB 0x0000000088700000| Complete 
|  68|0x0000000088800000, 0x0000000088900000, 0x0000000088900000|100%| E|CS|TAMS 0x0000000088800000| PB 0x0000000088800000| Complete 
|  69|0x0000000088900000, 0x0000000088a00000, 0x0000000088a00000|100%| E|CS|TAMS 0x0000000088900000| PB 0x0000000088900000| Complete 
|  70|0x0000000088a00000, 0x0000000088b00000, 0x0000000088b00000|100%| E|CS|TAMS 0x0000000088a00000| PB 0x0000000088a00000| Complete 
|  71|0x0000000088b00000, 0x0000000088c00000, 0x0000000088c00000|100%| E|CS|TAMS 0x0000000088b00000| PB 0x0000000088b00000| Complete 
|  72|0x0000000088c00000, 0x0000000088d00000, 0x0000000088d00000|100%| E|CS|TAMS 0x0000000088c00000| PB 0x0000000088c00000| Complete 
|  73|0x0000000088d00000, 0x0000000088e00000, 0x0000000088e00000|100%| E|CS|TAMS 0x0000000088d00000| PB 0x0000000088d00000| Complete 
|  74|0x0000000088e00000, 0x0000000088f00000, 0x0000000088f00000|100%| E|CS|TAMS 0x0000000088e00000| PB 0x0000000088e00000| Complete 
|  75|0x0000000088f00000, 0x0000000089000000, 0x0000000089000000|100%| E|CS|TAMS 0x0000000088f00000| PB 0x0000000088f00000| Complete 
|  76|0x0000000089000000, 0x0000000089100000, 0x0000000089100000|100%| E|CS|TAMS 0x0000000089000000| PB 0x0000000089000000| Complete 
|  77|0x0000000089100000, 0x0000000089200000, 0x0000000089200000|100%| E|CS|TAMS 0x0000000089100000| PB 0x0000000089100000| Complete 
|  78|0x0000000089200000, 0x0000000089300000, 0x0000000089300000|100%| E|CS|TAMS 0x0000000089200000| PB 0x0000000089200000| Complete 
|1970|0x00000000ff600000, 0x00000000ff700000, 0x00000000ff700000|100%| O|Cm|TAMS 0x00000000ff600000| PB 0x00000000ff600000| Complete 
|1971|0x00000000ff700000, 0x00000000ff800000, 0x00000000ff800000|100%| E|CS|TAMS 0x00000000ff700000| PB 0x00000000ff700000| Complete 
|1972|0x00000000ff800000, 0x00000000ff900000, 0x00000000ff900000|100%| O|  |TAMS 0x00000000ff800000| PB 0x00000000ff800000| Untracked 
|1973|0x00000000ff900000, 0x00000000ffa00000, 0x00000000ffa00000|100%| O|  |TAMS 0x00000000ff900000| PB 0x00000000ff900000| Untracked 
|1974|0x00000000ffa00000, 0x00000000ffb00000, 0x00000000ffb00000|100%| O|  |TAMS 0x00000000ffa00000| PB 0x00000000ffa00000| Untracked 
|1975|0x00000000ffb00000, 0x00000000ffc00000, 0x00000000ffc00000|100%| O|  |TAMS 0x00000000ffb00000| PB 0x00000000ffb00000| Untracked 
|1976|0x00000000ffc00000, 0x00000000ffd00000, 0x00000000ffd00000|100%| O|  |TAMS 0x00000000ffc00000| PB 0x00000000ffc00000| Untracked 
|1977|0x00000000ffd00000, 0x00000000ffe00000, 0x00000000ffe00000|100%| O|  |TAMS 0x00000000ffd00000| PB 0x00000000ffd00000| Untracked 
|1978|0x00000000ffe00000, 0x00000000fff00000, 0x00000000fff00000|100%| O|  |TAMS 0x00000000ffe00000| PB 0x00000000ffe00000| Untracked 
|1979|0x00000000fff00000, 0x0000000100000000, 0x0000000100000000|100%| O|  |TAMS 0x00000000fff00000| PB 0x00000000fff00000| Untracked 

Card table byte_map: [0x000001b7d34e0000,0x000001b7d38c0000] _byte_map_base: 0x000001b7d30be000

Marking Bits: (CMBitMap*) 0x000001b7bbcaa240
 Bits: [0x000001b7d38c0000, 0x000001b7d57b0000)

Polling page: 0x000001b7b9e10000

Metaspace:

Usage:
  Non-class:     26.47 MB used.
      Class:      3.24 MB used.
       Both:     29.71 MB used.

Virtual space:
  Non-class space:       64.00 MB reserved,      26.69 MB ( 42%) committed,  1 nodes.
      Class space:        1.00 GB reserved,       3.50 MB ( <1%) committed,  1 nodes.
             Both:        1.06 GB reserved,      30.19 MB (  3%) committed. 

Chunk freelists:
   Non-Class:  5.26 MB
       Class:  12.50 MB
        Both:  17.76 MB

MaxMetaspaceSize: unlimited
CompressedClassSpaceSize: 1.00 GB
Initial GC threshold: 21.00 MB
Current GC threshold: 49.62 MB
CDS: on
 - commit_granule_bytes: 65536.
 - commit_granule_words: 8192.
 - virtual_space_node_default_size: 8388608.
 - enlarge_chunks_in_place: 1.
 - use_allocation_guard: 0.


Internal statistics:

num_allocs_failed_limit: 3.
num_arena_births: 516.
num_arena_deaths: 0.
num_vsnodes_births: 2.
num_vsnodes_deaths: 0.
num_space_committed: 483.
num_space_uncommitted: 0.
num_chunks_returned_to_freelist: 3.
num_chunks_taken_from_freelist: 1631.
num_chunk_merges: 3.
num_chunk_splits: 1157.
num_chunks_enlarged: 866.
num_inconsistent_stats: 0.

CodeHeap 'non-profiled nmethods': size=120000Kb used=4564Kb max_used=4564Kb free=115435Kb
 bounds [0x000001b7cbbd0000, 0x000001b7cc050000, 0x000001b7d3100000]
CodeHeap 'profiled nmethods': size=120000Kb used=15037Kb max_used=15037Kb free=104963Kb
 bounds [0x000001b7c4100000, 0x000001b7c4fb0000, 0x000001b7cb630000]
CodeHeap 'non-nmethods': size=5760Kb used=1625Kb max_used=1748Kb free=4134Kb
 bounds [0x000001b7cb630000, 0x000001b7cb8a0000, 0x000001b7cbbd0000]
 total_blobs=7299 nmethods=6751 adapters=452
 compilation: enabled
              stopped_count=0, restarted_count=0
 full_count=0

Compilation events (20 events):
Event: 15.013 Thread 0x000001b7d7c98570 nmethod 7774 0x000001b7c4f8f390 code [0x000001b7c4f8f5a0, 0x000001b7c4f8fb18]
Event: 15.015 Thread 0x000001b7d7c98570 7775       3       com.sun.tools.javac.code.Scope$ImportScope::<init> (6 bytes)
Event: 15.015 Thread 0x000001b7d7c98570 nmethod 7775 0x000001b7c4f8fc90 code [0x000001b7c4f8fec0, 0x000001b7c4f906e8]
Event: 15.018 Thread 0x000001b81f850bf0 7776       4       com.sun.tools.javac.code.Types::capture (556 bytes)
Event: 15.025 Thread 0x000001b7d7c98570 7778       3       com.sun.tools.javac.tree.JCTree::setPos (7 bytes)
Event: 15.026 Thread 0x000001b7d7c98570 nmethod 7778 0x000001b7c4e9ee10 code [0x000001b7c4e9efa0, 0x000001b7c4e9f0b0]
Event: 15.030 Thread 0x000001b81f850bf0 nmethod 7776 0x000001b7cc03d590 code [0x000001b7cc03d800, 0x000001b7cc03e3c0]
Event: 15.030 Thread 0x000001b81f850bf0 7777       4       com.sun.tools.javac.code.Scope$ScopeListenerList::walkReferences (101 bytes)
Event: 15.033 Thread 0x000001b81f850bf0 nmethod 7777 0x000001b7cc03eb10 code [0x000001b7cc03ecc0, 0x000001b7cc03ef10]
Event: 15.033 Thread 0x000001b7d7c98570 7779       3       java.util.HashSet::add (20 bytes)
Event: 15.033 Thread 0x000001b7d7c98570 nmethod 7779 0x000001b7c4f90990 code [0x000001b7c4f90b40, 0x000001b7c4f90d80]
Event: 15.035 Thread 0x000001b81f850bf0 7780       4       com.sun.tools.javac.comp.Attr::visitSelect (1338 bytes)
Event: 15.055 Thread 0x000001b7d7c98570 7781       3       com.sun.tools.javac.tree.JCTree$JCCompilationUnit::getModuleDecl (47 bytes)
Event: 15.056 Thread 0x000001b7d7c98570 nmethod 7781 0x000001b7c4f90e90 code [0x000001b7c4f910e0, 0x000001b7c4f91be0]
Event: 15.056 Thread 0x000001b7d7c98570 7782   !   3       com.sun.tools.javac.comp.Check$CycleChecker::checkClass (249 bytes)
Event: 15.057 Thread 0x000001b7d7c98570 nmethod 7782 0x000001b7c4f91e90 code [0x000001b7c4f92220, 0x000001b7c4f93e00]
Event: 15.057 Thread 0x000001b7d7c98570 7783       3       com.sun.tools.javac.comp.TypeEnter$AbstractHeaderPhase::baseEnv (176 bytes)
Event: 15.058 Thread 0x000001b7d7c98570 nmethod 7783 0x000001b7c4f94810 code [0x000001b7c4f94b00, 0x000001b7c4f95dd8]
Event: 15.058 Thread 0x000001b7d7c98570 7784       3       com.sun.tools.javac.comp.TypeEnter$AbstractHeaderPhase::attribSuperTypes (456 bytes)
Event: 15.155 Thread 0x000001b7d7c98570 nmethod 7784 0x000001b7c4f96410 code [0x000001b7c4f96940, 0x000001b7c4f99508]

GC Heap History (20 events):
Event: 3.531 GC heap before
{Heap before GC invocations=2 (full 0):
 garbage-first heap   total 126976K, used 79040K [0x0000000084400000, 0x0000000100000000)
  region size 1024K, 74 young (75776K), 1 survivors (1024K)
 Metaspace       used 15855K, committed 16064K, reserved 1114112K
  class space    used 1829K, committed 1920K, reserved 1048576K
}
Event: 3.548 GC heap after
{Heap after GC invocations=3 (full 0):
 garbage-first heap   total 126976K, used 11344K [0x0000000084400000, 0x0000000100000000)
  region size 1024K, 8 young (8192K), 8 survivors (8192K)
 Metaspace       used 15855K, committed 16064K, reserved 1114112K
  class space    used 1829K, committed 1920K, reserved 1048576K
}
Event: 5.694 GC heap before
{Heap before GC invocations=3 (full 0):
 garbage-first heap   total 126976K, used 78928K [0x0000000084400000, 0x0000000100000000)
  region size 1024K, 74 young (75776K), 8 survivors (8192K)
 Metaspace       used 16594K, committed 16896K, reserved 1114112K
  class space    used 1857K, committed 1984K, reserved 1048576K
}
Event: 5.714 GC heap after
{Heap after GC invocations=4 (full 0):
 garbage-first heap   total 126976K, used 16001K [0x0000000084400000, 0x0000000100000000)
  region size 1024K, 5 young (5120K), 5 survivors (5120K)
 Metaspace       used 16594K, committed 16896K, reserved 1114112K
  class space    used 1857K, committed 1984K, reserved 1048576K
}
Event: 8.653 GC heap before
{Heap before GC invocations=4 (full 0):
 garbage-first heap   total 126976K, used 80513K [0x0000000084400000, 0x0000000100000000)
  region size 1024K, 66 young (67584K), 5 survivors (5120K)
 Metaspace       used 21156K, committed 21504K, reserved 1114112K
  class space    used 2391K, committed 2560K, reserved 1048576K
}
Event: 8.665 GC heap after
{Heap after GC invocations=5 (full 0):
 garbage-first heap   total 126976K, used 18049K [0x0000000084400000, 0x0000000100000000)
  region size 1024K, 7 young (7168K), 7 survivors (7168K)
 Metaspace       used 21156K, committed 21504K, reserved 1114112K
  class space    used 2391K, committed 2560K, reserved 1048576K
}
Event: 10.175 GC heap before
{Heap before GC invocations=6 (full 0):
 garbage-first heap   total 61440K, used 51841K [0x0000000084400000, 0x0000000100000000)
  region size 1024K, 36 young (36864K), 7 survivors (7168K)
 Metaspace       used 26373K, committed 26752K, reserved 1114112K
  class space    used 2914K, committed 3072K, reserved 1048576K
}
Event: 10.196 GC heap after
{Heap after GC invocations=7 (full 0):
 garbage-first heap   total 70656K, used 32385K [0x0000000084400000, 0x0000000100000000)
  region size 1024K, 5 young (5120K), 5 survivors (5120K)
 Metaspace       used 26373K, committed 26752K, reserved 1114112K
  class space    used 2914K, committed 3072K, reserved 1048576K
}
Event: 10.783 GC heap before
{Heap before GC invocations=7 (full 0):
 garbage-first heap   total 70656K, used 57985K [0x0000000084400000, 0x0000000100000000)
  region size 1024K, 29 young (29696K), 5 survivors (5120K)
 Metaspace       used 26404K, committed 26752K, reserved 1114112K
  class space    used 2915K, committed 3072K, reserved 1048576K
}
Event: 10.792 GC heap after
{Heap after GC invocations=8 (full 0):
 garbage-first heap   total 71680K, used 40448K [0x0000000084400000, 0x0000000100000000)
  region size 1024K, 4 young (4096K), 4 survivors (4096K)
 Metaspace       used 26404K, committed 26752K, reserved 1114112K
  class space    used 2915K, committed 3072K, reserved 1048576K
}
Event: 11.064 GC heap before
{Heap before GC invocations=8 (full 0):
 garbage-first heap   total 71680K, used 59904K [0x0000000084400000, 0x0000000100000000)
  region size 1024K, 23 young (23552K), 4 survivors (4096K)
 Metaspace       used 27058K, committed 27392K, reserved 1114112K
  class space    used 2984K, committed 3136K, reserved 1048576K
}
Event: 11.074 GC heap after
{Heap after GC invocations=9 (full 0):
 garbage-first heap   total 71680K, used 44032K [0x0000000084400000, 0x0000000100000000)
  region size 1024K, 3 young (3072K), 3 survivors (3072K)
 Metaspace       used 27058K, committed 27392K, reserved 1114112K
  class space    used 2984K, committed 3136K, reserved 1048576K
}
Event: 11.648 GC heap before
{Heap before GC invocations=10 (full 0):
 garbage-first heap   total 75776K, used 61440K [0x0000000084400000, 0x0000000100000000)
  region size 1024K, 20 young (20480K), 3 survivors (3072K)
 Metaspace       used 27835K, committed 28224K, reserved 1114112K
  class space    used 3044K, committed 3200K, reserved 1048576K
}
Event: 11.658 GC heap after
{Heap after GC invocations=11 (full 0):
 garbage-first heap   total 75776K, used 47589K [0x0000000084400000, 0x0000000100000000)
  region size 1024K, 3 young (3072K), 3 survivors (3072K)
 Metaspace       used 27835K, committed 28224K, reserved 1114112K
  class space    used 3044K, committed 3200K, reserved 1048576K
}
Event: 12.051 GC heap before
{Heap before GC invocations=11 (full 0):
 garbage-first heap   total 75776K, used 63973K [0x0000000084400000, 0x0000000100000000)
  region size 1024K, 20 young (20480K), 3 survivors (3072K)
 Metaspace       used 28667K, committed 29056K, reserved 1114112K
  class space    used 3145K, committed 3328K, reserved 1048576K
}
Event: 12.056 GC heap after
{Heap after GC invocations=12 (full 0):
 garbage-first heap   total 91136K, used 47679K [0x0000000084400000, 0x0000000100000000)
  region size 1024K, 1 young (1024K), 1 survivors (1024K)
 Metaspace       used 28667K, committed 29056K, reserved 1114112K
  class space    used 3145K, committed 3328K, reserved 1048576K
}
Event: 14.026 GC heap before
{Heap before GC invocations=12 (full 0):
 garbage-first heap   total 91136K, used 74303K [0x0000000084400000, 0x0000000100000000)
  region size 1024K, 28 young (28672K), 1 survivors (1024K)
 Metaspace       used 29918K, committed 30400K, reserved 1114112K
  class space    used 3296K, committed 3520K, reserved 1048576K
}
Event: 14.031 GC heap after
{Heap after GC invocations=13 (full 0):
 garbage-first heap   total 91136K, used 48506K [0x0000000084400000, 0x0000000100000000)
  region size 1024K, 2 young (2048K), 2 survivors (2048K)
 Metaspace       used 29918K, committed 30400K, reserved 1114112K
  class space    used 3296K, committed 3520K, reserved 1048576K
}
Event: 14.934 GC heap before
{Heap before GC invocations=14 (full 0):
 garbage-first heap   total 91136K, used 77178K [0x0000000084400000, 0x0000000100000000)
  region size 1024K, 30 young (30720K), 2 survivors (2048K)
 Metaspace       used 30378K, committed 30848K, reserved 1114112K
  class space    used 3317K, committed 3520K, reserved 1048576K
}
Event: 14.940 GC heap after
{Heap after GC invocations=15 (full 0):
 garbage-first heap   total 91136K, used 49396K [0x0000000084400000, 0x0000000100000000)
  region size 1024K, 3 young (3072K), 3 survivors (3072K)
 Metaspace       used 30378K, committed 30848K, reserved 1114112K
  class space    used 3317K, committed 3520K, reserved 1048576K
}

Dll operation events (8 events):
Event: 0.018 Loaded shared library C:\Program Files\Java\jdk-21\bin\java.dll
Event: 0.055 Loaded shared library C:\Program Files\Java\jdk-21\bin\jsvml.dll
Event: 0.080 Loaded shared library C:\Program Files\Java\jdk-21\bin\net.dll
Event: 0.082 Loaded shared library C:\Program Files\Java\jdk-21\bin\nio.dll
Event: 0.086 Loaded shared library C:\Program Files\Java\jdk-21\bin\zip.dll
Event: 0.220 Loaded shared library C:\Program Files\Java\jdk-21\bin\jimage.dll
Event: 0.222 Loaded shared library C:\Users\DELL\apache-maven-3.9.9\lib\jansi-native\Windows\x86_64\jansi.dll
Event: 0.243 Loaded shared library C:\Program Files\Java\jdk-21\bin\verify.dll

Deoptimization events (20 events):
Event: 14.921 Thread 0x000001b7b9ae24a0 Uncommon trap: trap_request=0xffffffc6 fr.pc=0x000001b7cbe7a550 relative=0x00000000000002f0
Event: 14.921 Thread 0x000001b7b9ae24a0 Uncommon trap: reason=bimorphic_or_optimized_type_check action=maybe_recompile pc=0x000001b7cbe7a550 method=lombok.javac.JavacNode.traverse(Llombok/javac/JavacASTVisitor;)V @ 153 c2
Event: 14.921 Thread 0x000001b7b9ae24a0 DEOPT PACKING pc=0x000001b7cbe7a550 sp=0x000000810cdfd1f0
Event: 14.921 Thread 0x000001b7b9ae24a0 DEOPT UNPACKING pc=0x000001b7cb687da2 sp=0x000000810cdfd178 mode 2
Event: 14.921 Thread 0x000001b7b9ae24a0 Uncommon trap: trap_request=0xffffffc6 fr.pc=0x000001b7cbe7ac70 relative=0x0000000000000a10
Event: 14.921 Thread 0x000001b7b9ae24a0 Uncommon trap: reason=bimorphic_or_optimized_type_check action=maybe_recompile pc=0x000001b7cbe7ac70 method=lombok.javac.JavacNode.traverse(Llombok/javac/JavacASTVisitor;)V @ 715 c2
Event: 14.921 Thread 0x000001b7b9ae24a0 DEOPT PACKING pc=0x000001b7cbe7ac70 sp=0x000000810cdfd110
Event: 14.921 Thread 0x000001b7b9ae24a0 DEOPT UNPACKING pc=0x000001b7cb687da2 sp=0x000000810cdfd098 mode 2
Event: 14.921 Thread 0x000001b7b9ae24a0 Uncommon trap: trap_request=0xffffffc6 fr.pc=0x000001b7cbe7a550 relative=0x00000000000002f0
Event: 14.921 Thread 0x000001b7b9ae24a0 Uncommon trap: reason=bimorphic_or_optimized_type_check action=maybe_recompile pc=0x000001b7cbe7a550 method=lombok.javac.JavacNode.traverse(Llombok/javac/JavacASTVisitor;)V @ 153 c2
Event: 14.921 Thread 0x000001b7b9ae24a0 DEOPT PACKING pc=0x000001b7cbe7a550 sp=0x000000810cdfd1f0
Event: 14.921 Thread 0x000001b7b9ae24a0 DEOPT UNPACKING pc=0x000001b7cb687da2 sp=0x000000810cdfd178 mode 2
Event: 14.922 Thread 0x000001b7b9ae24a0 DEOPT PACKING pc=0x000001b7c477ef6f sp=0x000000810cdfd290
Event: 14.922 Thread 0x000001b7b9ae24a0 DEOPT UNPACKING pc=0x000001b7cb6888e2 sp=0x000000810cdfc778 mode 0
Event: 14.954 Thread 0x000001b7b9ae24a0 DEOPT PACKING pc=0x000001b7c477ef6f sp=0x000000810cdfd280
Event: 14.954 Thread 0x000001b7b9ae24a0 DEOPT UNPACKING pc=0x000001b7cb6888e2 sp=0x000000810cdfc760 mode 0
Event: 14.975 Thread 0x000001b7b9ae24a0 Uncommon trap: trap_request=0xffffff45 fr.pc=0x000001b7cbe1ace4 relative=0x0000000000001524
Event: 14.975 Thread 0x000001b7b9ae24a0 Uncommon trap: reason=unstable_if action=reinterpret pc=0x000001b7cbe1ace4 method=java.util.HashMap.hash(Ljava/lang/Object;)I @ 1 c2
Event: 14.975 Thread 0x000001b7b9ae24a0 DEOPT PACKING pc=0x000001b7cbe1ace4 sp=0x000000810cdfd4f0
Event: 14.975 Thread 0x000001b7b9ae24a0 DEOPT UNPACKING pc=0x000001b7cb687da2 sp=0x000000810cdfd400 mode 2

Classes loaded (20 events):
Event: 12.095 Loading class java/util/Collections$UnmodifiableSortedSet
Event: 12.096 Loading class java/util/Collections$UnmodifiableSortedSet done
Event: 12.111 Loading class java/util/IdentityHashMap$EntrySet
Event: 12.111 Loading class java/util/IdentityHashMap$EntrySet done
Event: 12.111 Loading class java/util/IdentityHashMap$EntryIterator
Event: 12.111 Loading class java/util/IdentityHashMap$EntryIterator done
Event: 12.111 Loading class java/util/IdentityHashMap$EntryIterator$Entry
Event: 12.112 Loading class java/util/IdentityHashMap$EntryIterator$Entry done
Event: 12.125 Loading class java/util/function/UnaryOperator
Event: 12.126 Loading class java/util/function/UnaryOperator done
Event: 12.139 Loading class java/util/regex/Pattern$Caret
Event: 12.140 Loading class java/util/regex/Pattern$Caret done
Event: 12.431 Loading class java/util/regex/Pattern$SliceI
Event: 12.431 Loading class java/util/regex/Pattern$SliceI done
Event: 12.436 Loading class java/util/regex/Pattern$Loop
Event: 12.437 Loading class java/util/regex/Pattern$Loop done
Event: 12.437 Loading class java/util/regex/Pattern$Prolog
Event: 12.437 Loading class java/util/regex/Pattern$Prolog done
Event: 12.667 Loading class java/util/regex/Pattern$LazyLoop
Event: 12.667 Loading class java/util/regex/Pattern$LazyLoop done

Classes unloaded (0 events):
No events

Classes redefined (0 events):
No events

Internal exceptions (20 events):
Event: 12.452 Thread 0x000001b7b9ae24a0 Exception <a 'java/lang/NoSuchMethodError'{0x0000000088730150}: 'void java.lang.invoke.DirectMethodHandle$Holder.invokeStatic(java.lang.Object, java.lang.Object, int, java.lang.Object)'> (0x0000000088730150) 
thrown [s\open\src\hotspot\share\interpreter\linkResolver.cpp, line 773]
Event: 12.453 Thread 0x000001b7b9ae24a0 Exception <a 'java/lang/NoSuchMethodError'{0x0000000088737500}: 'void java.lang.invoke.DelegatingMethodHandle$Holder.delegate(java.lang.Object, java.lang.Object, int, java.lang.Object)'> (0x0000000088737500) 
thrown [s\open\src\hotspot\share\interpreter\linkResolver.cpp, line 773]
Event: 12.457 Thread 0x000001b7b9ae24a0 Exception <a 'java/lang/NoSuchMethodError'{0x00000000887546f8}: 'void java.lang.invoke.DirectMethodHandle$Holder.invokeInterface(java.lang.Object, java.lang.Object, java.lang.Object, int)'> (0x00000000887546f8) 
thrown [s\open\src\hotspot\share\interpreter\linkResolver.cpp, line 773]
Event: 12.458 Thread 0x000001b7b9ae24a0 Exception <a 'java/lang/NoSuchMethodError'{0x000000008875bc98}: 'void java.lang.invoke.DelegatingMethodHandle$Holder.reinvoke_L(java.lang.Object, java.lang.Object, java.lang.Object, int)'> (0x000000008875bc98) 
thrown [s\open\src\hotspot\share\interpreter\linkResolver.cpp, line 773]
Event: 12.490 Thread 0x000001b7b9ae24a0 Exception <a 'java/lang/NoSuchMethodError'{0x00000000886466c0}: 'java.lang.Object java.lang.invoke.DirectMethodHandle$Holder.invokeVirtual(java.lang.Object, java.lang.Object, java.lang.Object, java.lang.Object)'> (0x00000000886466c0) 
thrown [s\open\src\hotspot\share\interpreter\linkResolver.cpp, line 773]
Event: 12.525 Thread 0x000001b7b9ae24a0 Exception <a 'sun/nio/fs/WindowsException'{0x00000000886978a8}> (0x00000000886978a8) 
thrown [s\open\src\hotspot\share\prims\jni.cpp, line 520]
Event: 12.525 Thread 0x000001b7b9ae24a0 Exception <a 'sun/nio/fs/WindowsException'{0x0000000088698558}> (0x0000000088698558) 
thrown [s\open\src\hotspot\share\prims\jni.cpp, line 520]
Event: 12.525 Thread 0x000001b7b9ae24a0 Exception <a 'sun/nio/fs/WindowsException'{0x0000000088699450}> (0x0000000088699450) 
thrown [s\open\src\hotspot\share\prims\jni.cpp, line 520]
Event: 12.525 Thread 0x000001b7b9ae24a0 Exception <a 'sun/nio/fs/WindowsException'{0x000000008869a1c8}> (0x000000008869a1c8) 
thrown [s\open\src\hotspot\share\prims\jni.cpp, line 520]
Event: 12.530 Thread 0x000001b7b9ae24a0 Exception <a 'java/lang/NoSuchMethodError'{0x00000000886bcae8}: 'java.lang.Object java.lang.invoke.DirectMethodHandle$Holder.invokeVirtual(java.lang.Object, java.lang.Object, java.lang.Object, java.lang.Object, java.lang.Object, java.lang.Object)'> (0x00000000886bcae8) 
thrown [s\open\src\hotspot\share\interpreter\linkResolver.cpp, line 773]
Event: 12.532 Thread 0x000001b7b9ae24a0 Implicit null exception at 0x000001b7cbe45a7d to 0x000001b7cbe45be8
Event: 12.533 Thread 0x000001b7b9ae24a0 Exception <a 'java/lang/NoSuchMethodError'{0x00000000886dfa18}: 'void java.lang.invoke.DirectMethodHandle$Holder.invokeVirtual(java.lang.Object, java.lang.Object, java.lang.Object, java.lang.Object)'> (0x00000000886dfa18) 
thrown [s\open\src\hotspot\share\interpreter\linkResolver.cpp, line 773]
Event: 12.542 Thread 0x000001b7b9ae24a0 Exception <a 'java/lang/NoSuchMethodError'{0x0000000088539c30}: 'java.lang.Object java.lang.invoke.DirectMethodHandle$Holder.invokeVirtual(java.lang.Object, java.lang.Object, long, java.lang.Object)'> (0x0000000088539c30) 
thrown [s\open\src\hotspot\share\interpreter\linkResolver.cpp, line 773]
Event: 12.543 Thread 0x000001b7b9ae24a0 Exception <a 'java/lang/NoSuchMethodError'{0x000000008853da70}: 'java.lang.Object java.lang.invoke.DirectMethodHandle$Holder.invokeSpecial(java.lang.Object, java.lang.Object, java.lang.Object, long, java.lang.Object)'> (0x000000008853da70) 
thrown [s\open\src\hotspot\share\interpreter\linkResolver.cpp, line 773]
Event: 12.543 Thread 0x000001b7b9ae24a0 Exception <a 'java/lang/NoSuchMethodError'{0x0000000088541740}: 'java.lang.Object java.lang.invoke.DelegatingMethodHandle$Holder.reinvoke_L(java.lang.Object, java.lang.Object, long, java.lang.Object)'> (0x0000000088541740) 
thrown [s\open\src\hotspot\share\interpreter\linkResolver.cpp, line 773]
Event: 12.544 Thread 0x000001b7b9ae24a0 Exception <a 'java/lang/NoSuchMethodError'{0x0000000088555f70}: 'java.lang.Object java.lang.invoke.DirectMethodHandle$Holder.invokeVirtual(java.lang.Object, java.lang.Object, java.lang.Object, java.lang.Object, java.lang.Object, java.lang.Object, java.lang.Object, java.lang.Object, java.lang.Object, java.lang.Object)'> (0x0000000088555f70) 
thrown [s\open\src\hotspot\share\interpreter\linkResolver.cpp, line 773]
Event: 12.724 Thread 0x000001b7b9ae24a0 Exception <a 'java/lang/NoSuchMethodError'{0x00000000883726b8}: 'java.lang.Object java.lang.invoke.DirectMethodHandle$Holder.invokeVirtual(java.lang.Object, java.lang.Object, java.lang.Object, java.lang.Object, java.lang.Object, java.lang.Object, java.lang.Object)'> (0x00000000883726b8) 
thrown [s\open\src\hotspot\share\interpreter\linkResolver.cpp, line 773]
Event: 12.738 Thread 0x000001b7b9ae24a0 Exception <a 'java/lang/NoSuchMethodError'{0x00000000883c5908}: 'java.lang.Object java.lang.invoke.DirectMethodHandle$Holder.invokeVirtual(java.lang.Object, java.lang.Object, java.lang.Object, java.lang.Object, java.lang.Object)'> (0x00000000883c5908) 
thrown [s\open\src\hotspot\share\interpreter\linkResolver.cpp, line 773]
Event: 12.753 Thread 0x000001b7b9ae24a0 Implicit null exception at 0x000001b7cbc60b57 to 0x000001b7cbc612a9
Event: 14.975 Thread 0x000001b7b9ae24a0 Implicit null exception at 0x000001b7cbe19824 to 0x000001b7cbe1acd0

ZGC Phase Switch (0 events):
No events

VM Operations (20 events):
Event: 11.413 Executing VM operation: HandshakeAllThreads (Deoptimize)
Event: 11.413 Executing VM operation: HandshakeAllThreads (Deoptimize) done
Event: 11.648 Executing VM operation: G1CollectForAllocation (G1 Evacuation Pause)
Event: 11.658 Executing VM operation: G1CollectForAllocation (G1 Evacuation Pause) done
Event: 12.051 Executing VM operation: G1CollectForAllocation (G1 Evacuation Pause)
Event: 12.056 Executing VM operation: G1CollectForAllocation (G1 Evacuation Pause) done
Event: 12.673 Executing VM operation: HandshakeAllThreads (Deoptimize)
Event: 12.708 Executing VM operation: HandshakeAllThreads (Deoptimize) done
Event: 13.587 Executing VM operation: ICBufferFull
Event: 13.590 Executing VM operation: ICBufferFull done
Event: 14.026 Executing VM operation: G1CollectForAllocation (G1 Evacuation Pause)
Event: 14.031 Executing VM operation: G1CollectForAllocation (G1 Evacuation Pause) done
Event: 14.101 Executing VM operation: G1PauseRemark
Event: 14.115 Executing VM operation: G1PauseRemark done
Event: 14.137 Executing VM operation: G1PauseCleanup
Event: 14.138 Executing VM operation: G1PauseCleanup done
Event: 14.632 Executing VM operation: ICBufferFull
Event: 14.632 Executing VM operation: ICBufferFull done
Event: 14.934 Executing VM operation: G1CollectForAllocation (G1 Evacuation Pause)
Event: 14.941 Executing VM operation: G1CollectForAllocation (G1 Evacuation Pause) done

Events (20 events):
Event: 14.113 Thread 0x000001b7d7c51bf0 flushing nmethod 0x000001b7c4dabf10
Event: 14.113 Thread 0x000001b7d7c51bf0 flushing nmethod 0x000001b7c4dada90
Event: 14.113 Thread 0x000001b7d7c51bf0 flushing nmethod 0x000001b7c4dae710
Event: 14.113 Thread 0x000001b7d7c51bf0 flushing nmethod 0x000001b7c4dbb410
Event: 14.113 Thread 0x000001b7d7c51bf0 flushing nmethod 0x000001b7c4dbf510
Event: 14.113 Thread 0x000001b7d7c51bf0 flushing nmethod 0x000001b7c4dc0a90
Event: 14.113 Thread 0x000001b7d7c51bf0 flushing nmethod 0x000001b7c4dd4d10
Event: 14.113 Thread 0x000001b7d7c51bf0 flushing nmethod 0x000001b7c4dd8410
Event: 14.113 Thread 0x000001b7d7c51bf0 flushing nmethod 0x000001b7c4dda490
Event: 14.113 Thread 0x000001b7d7c51bf0 flushing nmethod 0x000001b7c4ddbc90
Event: 14.113 Thread 0x000001b7d7c51bf0 flushing nmethod 0x000001b7c4dfbd10
Event: 14.113 Thread 0x000001b7d7c51bf0 flushing nmethod 0x000001b7c4e13b90
Event: 14.113 Thread 0x000001b7d7c51bf0 flushing nmethod 0x000001b7c4e19310
Event: 14.113 Thread 0x000001b7d7c51bf0 flushing nmethod 0x000001b7c4e19f10
Event: 14.113 Thread 0x000001b7d7c51bf0 flushing nmethod 0x000001b7c4e28310
Event: 14.113 Thread 0x000001b7d7c51bf0 flushing nmethod 0x000001b7c4e2d810
Event: 14.113 Thread 0x000001b7d7c51bf0 flushing nmethod 0x000001b7c4e59090
Event: 14.113 Thread 0x000001b7d7c51bf0 flushing nmethod 0x000001b7c4e69610
Event: 14.113 Thread 0x000001b7d7c51bf0 flushing nmethod 0x000001b7c4e6a790
Event: 14.113 Thread 0x000001b7d7c51bf0 flushing nmethod 0x000001b7c4e86890


Dynamic libraries:
0x00007ff660f70000 - 0x00007ff660f80000 	C:\Program Files\Java\jdk-21\bin\java.exe
0x00007ffeb4b40000 - 0x00007ffeb4da7000 	C:\WINDOWS\SYSTEM32\ntdll.dll
0x00007ffeb3ab0000 - 0x00007ffeb3b79000 	C:\WINDOWS\System32\KERNEL32.DLL
0x00007ffeb2040000 - 0x00007ffeb2431000 	C:\WINDOWS\System32\KERNELBASE.dll
0x00007ffeb24f0000 - 0x00007ffeb263b000 	C:\WINDOWS\System32\ucrtbase.dll
0x00007ffe84060000 - 0x00007ffe84079000 	C:\Program Files\Java\jdk-21\bin\jli.dll
0x00007ffeb2e80000 - 0x00007ffeb2f3b000 	C:\WINDOWS\System32\ADVAPI32.dll
0x00007ffeb4560000 - 0x00007ffeb4609000 	C:\WINDOWS\System32\msvcrt.dll
0x00007ffeb4370000 - 0x00007ffeb4417000 	C:\WINDOWS\System32\sechost.dll
0x00007ffeb4420000 - 0x00007ffeb4538000 	C:\WINDOWS\System32\RPCRT4.dll
0x00007ffeb48a0000 - 0x00007ffeb4a65000 	C:\WINDOWS\System32\USER32.dll
0x00007ffeb1e90000 - 0x00007ffeb1eb7000 	C:\WINDOWS\System32\win32u.dll
0x00007ffeb4a70000 - 0x00007ffeb4a9b000 	C:\WINDOWS\System32\GDI32.dll
0x00007ffe83010000 - 0x00007ffe8302b000 	C:\Program Files\Java\jdk-21\bin\VCRUNTIME140.dll
0x00007ffeb2640000 - 0x00007ffeb276b000 	C:\WINDOWS\System32\gdi32full.dll
0x00007ffeb2440000 - 0x00007ffeb24e3000 	C:\WINDOWS\System32\msvcp_win.dll
0x00007ffe95300000 - 0x00007ffe95593000 	C:\WINDOWS\WinSxS\amd64_microsoft.windows.common-controls_6595b64144ccf1df_6.0.26100.8037_none_3e092faae333b53b\COMCTL32.dll
0x00007ffea1f90000 - 0x00007ffea1f9b000 	C:\WINDOWS\SYSTEM32\VERSION.dll
0x00007ffeb4330000 - 0x00007ffeb4361000 	C:\WINDOWS\System32\IMM32.DLL
0x00007ffe94c90000 - 0x00007ffe94c9c000 	C:\Program Files\Java\jdk-21\bin\vcruntime140_1.dll
0x00007ffe4eca0000 - 0x00007ffe4ed2e000 	C:\Program Files\Java\jdk-21\bin\msvcp140.dll
0x00007ffe28270000 - 0x00007ffe28f8d000 	C:\Program Files\Java\jdk-21\bin\server\jvm.dll
0x00007ffeb30a0000 - 0x00007ffeb3114000 	C:\WINDOWS\System32\WS2_32.dll
0x00007ffeb1280000 - 0x00007ffeb12de000 	C:\WINDOWS\SYSTEM32\POWRPROF.dll
0x00007ffeaa270000 - 0x00007ffeaa2a5000 	C:\WINDOWS\SYSTEM32\WINMM.dll
0x00007ffeb1260000 - 0x00007ffeb1274000 	C:\WINDOWS\SYSTEM32\UMPDC.dll
0x00007ffeb01b0000 - 0x00007ffeb01cb000 	C:\WINDOWS\SYSTEM32\kernel.appcore.dll
0x00007ffe92ea0000 - 0x00007ffe92eaa000 	C:\Program Files\Java\jdk-21\bin\jimage.dll
0x00007ffeaf1e0000 - 0x00007ffeaf422000 	C:\WINDOWS\SYSTEM32\DBGHELP.DLL
0x00007ffeb28e0000 - 0x00007ffeb2c62000 	C:\WINDOWS\System32\combase.dll
0x00007ffeb3dc0000 - 0x00007ffeb3e97000 	C:\WINDOWS\System32\OLEAUT32.dll
0x00007ffe8fe70000 - 0x00007ffe8feab000 	C:\WINDOWS\SYSTEM32\dbgcore.DLL
0x00007ffeb1570000 - 0x00007ffeb1615000 	C:\WINDOWS\System32\bcryptPrimitives.dll
0x00007ffe81ae0000 - 0x00007ffe81aff000 	C:\Program Files\Java\jdk-21\bin\java.dll
0x00007ffeb3170000 - 0x00007ffeb38cf000 	C:\WINDOWS\System32\SHELL32.dll
0x00007ffeb2770000 - 0x00007ffeb28da000 	C:\WINDOWS\System32\wintypes.dll
0x00007ffeb1620000 - 0x00007ffeb1e84000 	C:\WINDOWS\System32\windows.storage.dll
0x00007ffeb4620000 - 0x00007ffeb4717000 	C:\WINDOWS\System32\SHCORE.dll
0x00007ffeb47b0000 - 0x00007ffeb4817000 	C:\WINDOWS\System32\shlwapi.dll
0x00007ffeb1340000 - 0x00007ffeb1369000 	C:\WINDOWS\SYSTEM32\profapi.dll
0x00007ffe4cca0000 - 0x00007ffe4cd77000 	C:\Program Files\Java\jdk-21\bin\jsvml.dll
0x00007ffe92e50000 - 0x00007ffe92e60000 	C:\Program Files\Java\jdk-21\bin\net.dll
0x00007ffeaa020000 - 0x00007ffeaa147000 	C:\WINDOWS\SYSTEM32\WINHTTP.dll
0x00007ffeb0720000 - 0x00007ffeb078b000 	C:\WINDOWS\system32\mswsock.dll
0x00007ffe81a30000 - 0x00007ffe81a46000 	C:\Program Files\Java\jdk-21\bin\nio.dll
0x00007ffe6f7d0000 - 0x00007ffe6f7e8000 	C:\Program Files\Java\jdk-21\bin\zip.dll
0x00007ffe4ebe0000 - 0x00007ffe4ec04000 	C:\Users\DELL\apache-maven-3.9.9\lib\jansi-native\Windows\x86_64\jansi.dll
0x00007ffe7adf0000 - 0x00007ffe7ae00000 	C:\Program Files\Java\jdk-21\bin\verify.dll
0x00007ffeb02d0000 - 0x00007ffeb0306000 	C:\WINDOWS\SYSTEM32\ntmarta.dll

dbghelp: loaded successfully - version: 4.0.5 - missing functions: none
symbol engine: initialized successfully - sym options: 0x614 - pdb path: .;C:\Program Files\Java\jdk-21\bin;C:\WINDOWS\SYSTEM32;C:\WINDOWS\WinSxS\amd64_microsoft.windows.common-controls_6595b64144ccf1df_6.0.26100.8037_none_3e092faae333b53b;C:\Program Files\Java\jdk-21\bin\server;C:\Users\DELL\apache-maven-3.9.9\lib\jansi-native\Windows\x86_64

VM Arguments:
jvm_args: -Dclassworlds.conf=C:\Users\DELL\apache-maven-3.9.9\bin\m2.conf -Dmaven.home=C:\Users\DELL\apache-maven-3.9.9 -Dlibrary.jansi.path=C:\Users\DELL\apache-maven-3.9.9\lib\jansi-native -Dmaven.multiModuleProjectDirectory=C:\Users\DELL\Downloads\RevPassword_Manager-Microservices\microservices\user-service 
java_command: org.codehaus.plexus.classworlds.launcher.Launcher clean install -DskipTests
java_class_path (initial): C:\Users\DELL\apache-maven-3.9.9\boot\plexus-classworlds-2.8.0.jar
Launcher Type: SUN_STANDARD

[Global flags]
     intx CICompilerCount                          = 3                                         {product} {ergonomic}
     uint ConcGCThreads                            = 1                                         {product} {ergonomic}
     uint G1ConcRefinementThreads                  = 4                                         {product} {ergonomic}
   size_t G1HeapRegionSize                         = 1048576                                   {product} {ergonomic}
    uintx GCDrainStackTargetSize                   = 64                                        {product} {ergonomic}
   size_t InitialHeapSize                          = 130023424                                 {product} {ergonomic}
   size_t MarkStackSize                            = 4194304                                   {product} {ergonomic}
   size_t MaxHeapSize                              = 2076180480                                {product} {ergonomic}
   size_t MaxNewSize                               = 1245708288                                {product} {ergonomic}
   size_t MinHeapDeltaBytes                        = 1048576                                   {product} {ergonomic}
   size_t MinHeapSize                              = 8388608                                   {product} {ergonomic}
    uintx NonNMethodCodeHeapSize                   = 5832780                                {pd product} {ergonomic}
    uintx NonProfiledCodeHeapSize                  = 122912730                              {pd product} {ergonomic}
    uintx ProfiledCodeHeapSize                     = 122912730                              {pd product} {ergonomic}
    uintx ReservedCodeCacheSize                    = 251658240                              {pd product} {ergonomic}
     bool SegmentedCodeCache                       = true                                      {product} {ergonomic}
   size_t SoftMaxHeapSize                          = 2076180480                             {manageable} {ergonomic}
     bool UseCompressedOops                        = true                           {product lp64_product} {ergonomic}
     bool UseG1GC                                  = true                                      {product} {ergonomic}
     bool UseLargePagesIndividualAllocation        = false                                  {pd product} {ergonomic}

Logging:
Log output configuration:
 #0: stdout all=warning uptime,level,tags foldmultilines=false
 #1: stderr all=off uptime,level,tags foldmultilines=false

Environment Variables:
JAVA_HOME=C:\Program Files\Java\jdk-21
PATH=C:\Program Files\Common Files\Oracle\Java\javapath;C:\WINDOWS\system32;C:\WINDOWS;C:\WINDOWS\System32\Wbem;C:\WINDOWS\System32\WindowsPowerShell\v1.0\;C:\WINDOWS\System32\OpenSSH\;C:\Program Files\PHP;C:\Program Files\Git\cmd;D:\C DRIVE BACKUP\apache-tomcat-10.1.30-windows-x64\apache-tomcat-10.1.30\bin;C:\Program Files\Java\jdk-21\bin;C:\Users\DELL\apache-maven-3.9.9\bin;C:\Program Files\dotnet\;%JAVA_HOME\bin;D:\;C:\Program Files\Docker\Docker\resources\bin;C:\Users\DELL\AppData\Local\Microsoft\WindowsApps;C:\Users\DELL\AppData\Local\Programs\Microsoft VS Code\bin;C:\Program Files\nodejs;D:\PHP;C:\Users\DELL\AppData\Roaming\npm;C:\Users\DELL\AppData\Local\Programs\Antigravity\bin
USERNAME=DELL
LANG=en_US.UTF-8
OS=Windows_NT
PROCESSOR_IDENTIFIER=Intel64 Family 6 Model 140 Stepping 1, GenuineIntel
TMP=C:\Users\DELL\AppData\Local\Temp
TEMP=C:\Users\DELL\AppData\Local\Temp




Periodic native trim disabled

---------------  S Y S T E M  ---------------

OS:
 Windows 11 , 64 bit Build 26100 (10.0.26100.7920)
OS uptime: 0 days 8:57 hours
Hyper-V role detected

CPU: total 4 (initial active 4) (2 cores per cpu, 2 threads per core) family 6 model 140 stepping 1 microcode 0xbc, cx8, cmov, fxsr, ht, mmx, 3dnowpref, sse, sse2, sse3, ssse3, sse4.1, sse4.2, popcnt, lzcnt, tsc, tscinvbit, avx, avx2, aes, erms, clmul, bmi1, bmi2, adx, avx512f, avx512dq, avx512cd, avx512bw, avx512vl, sha, fma, vzeroupper, avx512_vpopcntdq, avx512_vpclmulqdq, avx512_vaes, avx512_vnni, clflush, clflushopt, clwb, avx512_vbmi2, avx512_vbmi, hv, rdtscp, rdpid, fsrm, gfni, avx512_bitalg, f16c, cet_ibt, cet_ss, avx512_ifma
Processor Information for all 4 processors :
  Max Mhz: 2995, Current Mhz: 2995, Mhz Limit: 2995

Memory: 4k page, system-wide physical 7914M (405M free)
TotalPageFile size 21480M (AvailPageFile size 7M)
current process WorkingSet (physical memory assigned to process): 256M, peak: 263M
current process commit charge ("private bytes"): 287M, peak: 294M

vm_info: Java HotSpot(TM) 64-Bit Server VM (21.0.9+7-LTS-338) for windows-amd64 JRE (21.0.9+7-LTS-338), built on 2025-09-26T06:33:49Z by "mach5run" with MS VC++ 17.6 (VS2022)

END.
