[INFO] Scanning for projects...
[INFO] 
[INFO] ---------------------< com.revature:vault-service >---------------------
[INFO] Building vault-service 1.0.0-SNAPSHOT
[INFO]   from pom.xml
[INFO] --------------------------------[ jar ]---------------------------------
[INFO] 
[INFO] >>> spring-boot:3.2.3:run (default-cli) > test-compile @ vault-service >>>
[INFO] 
[INFO] --- resources:3.3.1:resources (default-resources) @ vault-service ---
[WARNING] Using platform encoding (UTF-8 actually) to copy filtered resources, i.e. build is platform dependent!
[INFO] Copying 1 resource from src\main\resources to target\classes
[INFO] 
[INFO] --- compiler:3.13.0:compile (default-compile) @ vault-service ---
[INFO] Nothing to compile - all classes are up to date.
[INFO] 
[INFO] --- resources:3.3.1:testResources (default-testResources) @ vault-service ---
[WARNING] Using platform encoding (UTF-8 actually) to copy filtered resources, i.e. build is platform dependent!
[INFO] skip non existing resourceDirectory C:\Users\DELL\Downloads\RevPassword_Manager-Microservices\microservices\vault-service\src\test\resources
[INFO] 
[INFO] --- compiler:3.13.0:testCompile (default-testCompile) @ vault-service ---
[INFO] No sources to compile
[INFO] 
[INFO] <<< spring-boot:3.2.3:run (default-cli) < test-compile @ vault-service <<<
[INFO] 
[INFO] 
[INFO] --- spring-boot:3.2.3:run (default-cli) @ vault-service ---
[INFO] Attaching agents: []

  .   ____          _            __ _ _
 /\\ / ___'_ __ _ _(_)_ __  __ _ \ \ \ \
( ( )\___ | '_ | '_| | '_ \/ _` | \ \ \ \
 \\/  ___)| |_)| | | | | || (_| |  ) ) ) )
  '  |____| .__|_| |_|_| |_\__, | / / / /
 =========|_|==============|___/=/_/_/_/
 :: Spring Boot ::                (v3.2.3)

2026-03-12T18:24:04.933+05:30  INFO 24260 --- [vault-service] [           main] c.r.vault.VaultServiceApplication        : Starting VaultServiceApplication using Java 21.0.9 with PID 24260 (C:\Users\DELL\Downloads\RevPassword_Manager-Microservices\microservices\vault-service\target\classes started by DELL in C:\Users\DELL\Downloads\RevPassword_Manager-Microservices\microservices\vault-service)
2026-03-12T18:24:04.938+05:30  INFO 24260 --- [vault-service] [           main] c.r.vault.VaultServiceApplication        : No active profile set, falling back to 1 default profile: "default"
2026-03-12T18:24:05.193+05:30  INFO 24260 --- [vault-service] [           main] o.s.c.c.c.ConfigServerConfigDataLoader   : Fetching config from server at : http://localhost:8888
2026-03-12T18:24:05.199+05:30  INFO 24260 --- [vault-service] [           main] o.s.c.c.c.ConfigServerConfigDataLoader   : Located environment: name=vault-service, profiles=[default], label=null, version=null, state=null
2026-03-12T18:24:14.182+05:30  INFO 24260 --- [vault-service] [           main] .s.d.r.c.RepositoryConfigurationDelegate : Bootstrapping Spring Data JPA repositories in DEFAULT mode.
2026-03-12T18:24:14.887+05:30  INFO 24260 --- [vault-service] [           main] .s.d.r.c.RepositoryConfigurationDelegate : Finished Spring Data repository scanning in 671 ms. Found 1 JPA repository interface.
2026-03-12T18:24:17.097+05:30  INFO 24260 --- [vault-service] [           main] o.s.cloud.context.scope.GenericScope     : BeanFactory id=fe76c6cb-09c7-36e1-b673-4f4352937447
2026-03-12T18:24:19.539+05:30  WARN 24260 --- [vault-service] [           main] trationDelegate$BeanPostProcessorChecker : Bean 'org.springframework.cloud.client.loadbalancer.LoadBalancerAutoConfiguration$LoadBalancerInterceptorConfig' of type [org.springframework.cloud.client.loadbalancer.LoadBalancerAutoConfiguration$LoadBalancerInterceptorConfig] is not eligible for getting processed by all BeanPostProcessors (for example: not eligible for auto-proxying). The currently created BeanPostProcessor [lbRestClientPostProcessor] is declared through a non-static factory method on that class; consider declaring it as static instead.
2026-03-12T18:24:19.613+05:30  WARN 24260 --- [vault-service] [           main] trationDelegate$BeanPostProcessorChecker : Bean 'org.springframework.cloud.loadbalancer.config.BlockingLoadBalancerClientAutoConfiguration' of type [org.springframework.cloud.loadbalancer.config.BlockingLoadBalancerClientAutoConfiguration] is not eligible for getting processed by all BeanPostProcessors (for example: not eligible for auto-proxying). Is this bean getting eagerly injected into a currently created BeanPostProcessor [lbRestClientPostProcessor]? Check the corresponding BeanPostProcessor declaration and its dependencies.
2026-03-12T18:24:19.675+05:30  WARN 24260 --- [vault-service] [           main] trationDelegate$BeanPostProcessorChecker : Bean 'org.springframework.cloud.loadbalancer.config.LoadBalancerAutoConfiguration' of type [org.springframework.cloud.loadbalancer.config.LoadBalancerAutoConfiguration] is not eligible for getting processed by all BeanPostProcessors (for example: not eligible for auto-proxying). Is this bean getting eagerly injected into a currently created BeanPostProcessor [lbRestClientPostProcessor]? Check the corresponding BeanPostProcessor declaration and its dependencies.
2026-03-12T18:24:19.731+05:30  WARN 24260 --- [vault-service] [           main] trationDelegate$BeanPostProcessorChecker : Bean 'org.springframework.cloud.commons.config.CommonsConfigAutoConfiguration' of type [org.springframework.cloud.commons.config.CommonsConfigAutoConfiguration] is not eligible for getting processed by all BeanPostProcessors (for example: not eligible for auto-proxying). Is this bean getting eagerly injected into a currently created BeanPostProcessor [lbRestClientPostProcessor]? Check the corresponding BeanPostProcessor declaration and its dependencies.
2026-03-12T18:24:19.758+05:30  WARN 24260 --- [vault-service] [           main] trationDelegate$BeanPostProcessorChecker : Bean 'org.springframework.cloud.client.loadbalancer.LoadBalancerDefaultMappingsProviderAutoConfiguration' of type [org.springframework.cloud.client.loadbalancer.LoadBalancerDefaultMappingsProviderAutoConfiguration] is not eligible for getting processed by all BeanPostProcessors (for example: not eligible for auto-proxying). Is this bean getting eagerly injected into a currently created BeanPostProcessor [lbRestClientPostProcessor]? Check the corresponding BeanPostProcessor declaration and its dependencies.
2026-03-12T18:24:19.771+05:30  WARN 24260 --- [vault-service] [           main] trationDelegate$BeanPostProcessorChecker : Bean 'loadBalancerClientsDefaultsMappingsProvider' of type [org.springframework.cloud.client.loadbalancer.LoadBalancerDefaultMappingsProviderAutoConfiguration$$Lambda/0x000001a881474800] is not eligible for getting processed by all BeanPostProcessors (for example: not eligible for auto-proxying). Is this bean getting eagerly injected into a currently created BeanPostProcessor [lbRestClientPostProcessor]? Check the corresponding BeanPostProcessor declaration and its dependencies.
2026-03-12T18:24:19.802+05:30  WARN 24260 --- [vault-service] [           main] trationDelegate$BeanPostProcessorChecker : Bean 'defaultsBindHandlerAdvisor' of type [org.springframework.cloud.commons.config.DefaultsBindHandlerAdvisor] is not eligible for getting processed by all BeanPostProcessors (for example: not eligible for auto-proxying). Is this bean getting eagerly injected into a currently created BeanPostProcessor [lbRestClientPostProcessor]? Check the corresponding BeanPostProcessor declaration and its dependencies.
2026-03-12T18:24:19.865+05:30  WARN 24260 --- [vault-service] [           main] trationDelegate$BeanPostProcessorChecker : Bean 'spring.cloud.loadbalancer-org.springframework.cloud.client.loadbalancer.LoadBalancerClientsProperties' of type [org.springframework.cloud.client.loadbalancer.LoadBalancerClientsProperties] is not eligible for getting processed by all BeanPostProcessors (for example: not eligible for auto-proxying). Is this bean getting eagerly injected into a currently created BeanPostProcessor [lbRestClientPostProcessor]? Check the corresponding BeanPostProcessor declaration and its dependencies.
2026-03-12T18:24:19.934+05:30  WARN 24260 --- [vault-service] [           main] trationDelegate$BeanPostProcessorChecker : Bean 'default.org.springframework.cloud.loadbalancer.config.LoadBalancerAutoConfiguration.LoadBalancerClientSpecification' of type [org.springframework.cloud.loadbalancer.annotation.LoadBalancerClientSpecification] is not eligible for getting processed by all BeanPostProcessors (for example: not eligible for auto-proxying). Is this bean getting eagerly injected into a currently created BeanPostProcessor [lbRestClientPostProcessor]? Check the corresponding BeanPostProcessor declaration and its dependencies.
2026-03-12T18:24:19.958+05:30  WARN 24260 --- [vault-service] [           main] trationDelegate$BeanPostProcessorChecker : Bean 'default.org.springframework.cloud.loadbalancer.config.BlockingLoadBalancerClientAutoConfiguration.LoadBalancerClientSpecification' of type [org.springframework.cloud.loadbalancer.annotation.LoadBalancerClientSpecification] is not eligible for getting processed by all BeanPostProcessors (for example: not eligible for auto-proxying). Is this bean getting eagerly injected into a currently created BeanPostProcessor [lbRestClientPostProcessor]? Check the corresponding BeanPostProcessor declaration and its dependencies.
2026-03-12T18:24:19.961+05:30  WARN 24260 --- [vault-service] [           main] trationDelegate$BeanPostProcessorChecker : Bean 'default.org.springframework.cloud.netflix.eureka.loadbalancer.LoadBalancerEurekaAutoConfiguration.LoadBalancerClientSpecification' of type [org.springframework.cloud.loadbalancer.annotation.LoadBalancerClientSpecification] is not eligible for getting processed by all BeanPostProcessors (for example: not eligible for auto-proxying). Is this bean getting eagerly injected into a currently created BeanPostProcessor [lbRestClientPostProcessor]? Check the corresponding BeanPostProcessor declaration and its dependencies.
2026-03-12T18:24:19.967+05:30  WARN 24260 --- [vault-service] [           main] trationDelegate$BeanPostProcessorChecker : Bean 'loadBalancerClientFactory' of type [org.springframework.cloud.loadbalancer.support.LoadBalancerClientFactory] is not eligible for getting processed by all BeanPostProcessors (for example: not eligible for auto-proxying). Is this bean getting eagerly injected into a currently created BeanPostProcessor [lbRestClientPostProcessor]? Check the corresponding BeanPostProcessor declaration and its dependencies.
2026-03-12T18:24:20.023+05:30  WARN 24260 --- [vault-service] [           main] trationDelegate$BeanPostProcessorChecker : Bean 'blockingLoadBalancerClient' of type [org.springframework.cloud.loadbalancer.blocking.client.BlockingLoadBalancerClient] is not eligible for getting processed by all BeanPostProcessors (for example: not eligible for auto-proxying). Is this bean getting eagerly injected into a currently created BeanPostProcessor [lbRestClientPostProcessor]? Check the corresponding BeanPostProcessor declaration and its dependencies.
2026-03-12T18:24:20.084+05:30  WARN 24260 --- [vault-service] [           main] trationDelegate$BeanPostProcessorChecker : Bean 'loadBalancerServiceInstanceCookieTransformer' of type [org.springframework.cloud.loadbalancer.core.LoadBalancerServiceInstanceCookieTransformer] is not eligible for getting processed by all BeanPostProcessors (for example: not eligible for auto-proxying). Is this bean getting eagerly injected into a currently created BeanPostProcessor [lbRestClientPostProcessor]? Check the corresponding BeanPostProcessor declaration and its dependencies.
2026-03-12T18:24:20.114+05:30  WARN 24260 --- [vault-service] [           main] trationDelegate$BeanPostProcessorChecker : Bean 'xForwarderHeadersTransformer' of type [org.springframework.cloud.loadbalancer.blocking.XForwardedHeadersTransformer] is not eligible for getting processed by all BeanPostProcessors (for example: not eligible for auto-proxying). Is this bean getting eagerly injected into a currently created BeanPostProcessor [lbRestClientPostProcessor]? Check the corresponding BeanPostProcessor declaration and its dependencies.
2026-03-12T18:24:20.122+05:30  WARN 24260 --- [vault-service] [           main] trationDelegate$BeanPostProcessorChecker : Bean 'org.springframework.cloud.client.loadbalancer.LoadBalancerAutoConfiguration' of type [org.springframework.cloud.client.loadbalancer.LoadBalancerAutoConfiguration] is not eligible for getting processed by all BeanPostProcessors (for example: not eligible for auto-proxying). Is this bean getting eagerly injected into a currently created BeanPostProcessor [lbRestClientPostProcessor]? Check the corresponding BeanPostProcessor declaration and its dependencies.
2026-03-12T18:24:20.137+05:30  WARN 24260 --- [vault-service] [           main] trationDelegate$BeanPostProcessorChecker : Bean 'loadBalancerRequestFactory' of type [org.springframework.cloud.client.loadbalancer.LoadBalancerRequestFactory] is not eligible for getting processed by all BeanPostProcessors (for example: not eligible for auto-proxying). Is this bean getting eagerly injected into a currently created BeanPostProcessor [lbRestClientPostProcessor]? Check the corresponding BeanPostProcessor declaration and its dependencies.
2026-03-12T18:24:20.146+05:30  WARN 24260 --- [vault-service] [           main] trationDelegate$BeanPostProcessorChecker : Bean 'loadBalancerInterceptor' of type [org.springframework.cloud.client.loadbalancer.LoadBalancerInterceptor] is not eligible for getting processed by all BeanPostProcessors (for example: not eligible for auto-proxying). Is this bean getting eagerly injected into a currently created BeanPostProcessor [lbRestClientPostProcessor]? Check the corresponding BeanPostProcessor declaration and its dependencies.
2026-03-12T18:24:22.594+05:30  INFO 24260 --- [vault-service] [           main] o.s.b.w.embedded.tomcat.TomcatWebServer  : Tomcat initialized with port 8082 (http)
2026-03-12T18:24:22.639+05:30  INFO 24260 --- [vault-service] [           main] o.a.catalina.core.AprLifecycleListener   : Loaded Apache Tomcat Native library [2.0.8] using APR version [1.7.4].
2026-03-12T18:24:22.659+05:30  INFO 24260 --- [vault-service] [           main] o.a.catalina.core.AprLifecycleListener   : OpenSSL successfully initialized [OpenSSL 3.0.14 4 Jun 2024]
2026-03-12T18:24:22.694+05:30  INFO 24260 --- [vault-service] [           main] o.apache.catalina.core.StandardService   : Starting service [Tomcat]
2026-03-12T18:24:22.695+05:30  INFO 24260 --- [vault-service] [           main] o.apache.catalina.core.StandardEngine    : Starting Servlet engine: [Apache Tomcat/10.1.19]
2026-03-12T18:24:25.298+05:30  INFO 24260 --- [vault-service] [           main] o.a.c.c.C.[Tomcat].[localhost].[/]       : Initializing Spring embedded WebApplicationContext
2026-03-12T18:24:25.938+05:30  INFO 24260 --- [vault-service] [           main] w.s.c.ServletWebServerApplicationContext : Root WebApplicationContext: initialization completed in 20731 ms
2026-03-12T18:24:34.712+05:30  INFO 24260 --- [vault-service] [           main] o.hibernate.jpa.internal.util.LogHelper  : HHH000204: Processing PersistenceUnitInfo [name: default]
2026-03-12T18:24:35.532+05:30  INFO 24260 --- [vault-service] [           main] org.hibernate.Version                    : HHH000412: Hibernate ORM core version 6.4.4.Final
2026-03-12T18:24:35.638+05:30  INFO 24260 --- [vault-service] [           main] o.h.c.internal.RegionFactoryInitiator    : HHH000026: Second-level cache disabled
2026-03-12T18:24:36.442+05:30  INFO 24260 --- [vault-service] [           main] o.s.o.j.p.SpringPersistenceUnitInfo      : No LoadTimeWeaver setup: ignoring JPA class transformer
2026-03-12T18:24:36.518+05:30  INFO 24260 --- [vault-service] [           main] com.zaxxer.hikari.HikariDataSource       : HikariPool-1 - Starting...
2026-03-12T18:24:37.190+05:30  INFO 24260 --- [vault-service] [           main] com.zaxxer.hikari.pool.HikariPool        : HikariPool-1 - Added connection com.mysql.cj.jdbc.ConnectionImpl@1a56f608
2026-03-12T18:24:37.195+05:30  INFO 24260 --- [vault-service] [           main] com.zaxxer.hikari.HikariDataSource       : HikariPool-1 - Start completed.
2026-03-12T18:24:37.336+05:30  WARN 24260 --- [vault-service] [           main] org.hibernate.orm.deprecation            : HHH90000025: MySQLDialect does not need to be specified explicitly using 'hibernate.dialect' (remove the property setting and it will be selected by default)
2026-03-12T18:24:41.211+05:30  INFO 24260 --- [vault-service] [           main] o.h.e.t.j.p.i.JtaPlatformInitiator       : HHH000489: No JTA platform available (set 'hibernate.transaction.jta.platform' to enable JTA platform integration)
2026-03-12T18:24:41.387+05:30  INFO 24260 --- [vault-service] [           main] j.LocalContainerEntityManagerFactoryBean : Initialized JPA EntityManagerFactory for persistence unit 'default'
2026-03-12T18:24:43.327+05:30  WARN 24260 --- [vault-service] [           main] JpaBaseConfiguration$JpaWebConfiguration : spring.jpa.open-in-view is enabled by default. Therefore, database queries may be performed during view rendering. Explicitly configure spring.jpa.open-in-view to disable this warning
2026-03-12T18:24:50.501+05:30  INFO 24260 --- [vault-service] [           main] DiscoveryClientOptionalArgsConfiguration : Eureka HTTP Client uses RestTemplate.
2026-03-12T18:24:50.624+05:30  WARN 24260 --- [vault-service] [           main] iguration$LoadBalancerCaffeineWarnLogger : Spring Cloud LoadBalancer is currently working with the default cache. While this cache implementation is useful for development and tests, it's recommended to use Caffeine cache in production.You can switch to using Caffeine cache, by adding it and org.springframework.cache.caffeine.CaffeineCacheManager to the classpath.
2026-03-12T18:24:50.716+05:30  INFO 24260 --- [vault-service] [           main] o.s.b.a.e.web.EndpointLinksResolver      : Exposing 1 endpoint(s) beneath base path '/actuator'
2026-03-12T18:24:50.871+05:30  INFO 24260 --- [vault-service] [           main] o.s.c.n.eureka.InstanceInfoFactory       : Setting initial instance status as: STARTING
2026-03-12T18:24:51.065+05:30  INFO 24260 --- [vault-service] [           main] com.netflix.discovery.DiscoveryClient    : Initializing Eureka in region us-east-1
2026-03-12T18:24:51.075+05:30  INFO 24260 --- [vault-service] [           main] c.n.d.s.r.aws.ConfigClusterResolver      : Resolving eureka endpoints via configuration
2026-03-12T18:24:51.115+05:30  INFO 24260 --- [vault-service] [           main] com.netflix.discovery.DiscoveryClient    : Disable delta property : false
2026-03-12T18:24:51.116+05:30  INFO 24260 --- [vault-service] [           main] com.netflix.discovery.DiscoveryClient    : Single vip registry refresh property : null
2026-03-12T18:24:51.116+05:30  INFO 24260 --- [vault-service] [           main] com.netflix.discovery.DiscoveryClient    : Force full registry fetch : false
2026-03-12T18:24:51.116+05:30  INFO 24260 --- [vault-service] [           main] com.netflix.discovery.DiscoveryClient    : Application is null : false
2026-03-12T18:24:51.117+05:30  INFO 24260 --- [vault-service] [           main] com.netflix.discovery.DiscoveryClient    : Registered Applications size is zero : true
2026-03-12T18:24:51.117+05:30  INFO 24260 --- [vault-service] [           main] com.netflix.discovery.DiscoveryClient    : Application version is -1: true
2026-03-12T18:24:51.117+05:30  INFO 24260 --- [vault-service] [           main] com.netflix.discovery.DiscoveryClient    : Getting all instance registry info from the eureka server
2026-03-12T18:24:51.918+05:30  INFO 24260 --- [vault-service] [           main] com.netflix.discovery.DiscoveryClient    : The response status is 200
2026-03-12T18:24:51.936+05:30  INFO 24260 --- [vault-service] [           main] com.netflix.discovery.DiscoveryClient    : Starting heartbeat executor: renew interval is: 30
2026-03-12T18:24:51.959+05:30  INFO 24260 --- [vault-service] [           main] c.n.discovery.InstanceInfoReplicator     : InstanceInfoReplicator onDemand update allowed rate per min is 4
2026-03-12T18:24:51.975+05:30  INFO 24260 --- [vault-service] [           main] com.netflix.discovery.DiscoveryClient    : Discovery Client initialized at timestamp 1773320091974 with initial instances count: 7
2026-03-12T18:24:52.023+05:30  INFO 24260 --- [vault-service] [           main] o.s.c.n.e.s.EurekaServiceRegistry        : Registering application VAULT-SERVICE with eureka with status UP
2026-03-12T18:24:52.027+05:30  INFO 24260 --- [vault-service] [           main] com.netflix.discovery.DiscoveryClient    : Saw local status change event StatusChangeEvent [timestamp=1773320092027, current=UP, previous=STARTING]
2026-03-12T18:24:52.028+05:30  INFO 24260 --- [vault-service] [nfoReplicator-0] com.netflix.discovery.DiscoveryClient    : DiscoveryClient_VAULT-SERVICE/DESKTOP-L1G3F6A.mshome.net:vault-service:8082: registering service...
2026-03-12T18:24:52.092+05:30  INFO 24260 --- [vault-service] [           main] o.s.c.n.e.s.EurekaServiceRegistry        : Unregistering application VAULT-SERVICE with eureka with status DOWN
2026-03-12T18:24:52.096+05:30  INFO 24260 --- [vault-service] [           main] com.netflix.discovery.DiscoveryClient    : Saw local status change event StatusChangeEvent [timestamp=1773320092096, current=DOWN, previous=UP]
2026-03-12T18:24:52.097+05:30  WARN 24260 --- [vault-service] [           main] ConfigServletWebServerApplicationContext : Exception encountered during context initialization - cancelling refresh attempt: org.springframework.context.ApplicationContextException: Failed to start bean 'webServerStartStop'
2026-03-12T18:24:52.117+05:30  INFO 24260 --- [vault-service] [           main] j.LocalContainerEntityManagerFactoryBean : Closing JPA EntityManagerFactory for persistence unit 'default'
2026-03-12T18:24:52.124+05:30  INFO 24260 --- [vault-service] [           main] com.zaxxer.hikari.HikariDataSource       : HikariPool-1 - Shutdown initiated...
2026-03-12T18:24:52.203+05:30  INFO 24260 --- [vault-service] [           main] com.zaxxer.hikari.HikariDataSource       : HikariPool-1 - Shutdown completed.
2026-03-12T18:24:52.206+05:30  INFO 24260 --- [vault-service] [           main] com.netflix.discovery.DiscoveryClient    : Shutting down DiscoveryClient ...
2026-03-12T18:24:52.254+05:30  INFO 24260 --- [vault-service] [nfoReplicator-0] com.netflix.discovery.DiscoveryClient    : DiscoveryClient_VAULT-SERVICE/DESKTOP-L1G3F6A.mshome.net:vault-service:8082 - registration status: 204
2026-03-12T18:24:52.254+05:30  INFO 24260 --- [vault-service] [nfoReplicator-0] com.netflix.discovery.DiscoveryClient    : DiscoveryClient_VAULT-SERVICE/DESKTOP-L1G3F6A.mshome.net:vault-service:8082: registering service...
2026-03-12T18:24:52.261+05:30  INFO 24260 --- [vault-service] [nfoReplicator-0] com.netflix.discovery.DiscoveryClient    : DiscoveryClient_VAULT-SERVICE/DESKTOP-L1G3F6A.mshome.net:vault-service:8082 - registration status: 204
2026-03-12T18:24:52.262+05:30  INFO 24260 --- [vault-service] [           main] com.netflix.discovery.DiscoveryClient    : Unregistering ...
2026-03-12T18:24:52.280+05:30  INFO 24260 --- [vault-service] [           main] com.netflix.discovery.DiscoveryClient    : DiscoveryClient_VAULT-SERVICE/DESKTOP-L1G3F6A.mshome.net:vault-service:8082 - deregister  status: 200
2026-03-12T18:24:52.292+05:30  INFO 24260 --- [vault-service] [           main] com.netflix.discovery.DiscoveryClient    : Completed shut down of DiscoveryClient
2026-03-12T18:24:52.328+05:30  INFO 24260 --- [vault-service] [           main] .s.b.a.l.ConditionEvaluationReportLogger : 

Error starting ApplicationContext. To display the condition evaluation report re-run your application with 'debug' enabled.
2026-03-12T18:24:52.365+05:30 ERROR 24260 --- [vault-service] [           main] o.s.b.d.LoggingFailureAnalysisReporter   : 

***************************
APPLICATION FAILED TO START
***************************

Description:

Web server failed to start. Port 8082 was already in use.

Action:

Identify and stop the process that's listening on port 8082 or configure this application to listen on another port.

[INFO] ------------------------------------------------------------------------
[INFO] BUILD FAILURE
[INFO] ------------------------------------------------------------------------
[INFO] Total time:  01:03 min
[INFO] Finished at: 2026-03-12T18:24:52+05:30
[INFO] -------------2026-03-12T18:25:19.048+05:30  INFO 9200 --- [vault-service] [tbeatExecutor-0] com.netflix.discovery.DiscoveryClient    : DiscoveryClient_VAULT-SERVICE/DESKTOP-L1G3F6A.mshome.net:vault-service:8082 - Re-registering apps/VAULT-SERVICE
2026-03-12T18:25:19.163+05:30  INFO 9200 --- [vault-service] [tbeatExecutor-0] com.netflix.discovery.DiscoveryClient    : DiscoveryClient_VAULT-SERVICE/DESKTOP-L1G3F6A.mshome.net:vault-service:8082: registering service...
2026-03-12T18:25:19.243+05:30  INFO 9200 --- [vault-service] [tbeatExecutor-0] com.netflix.discovery.DiscoveryClient    : DiscoveryClient_VAULT-SERVICE/DESKTOP-L1G3F6A.mshome.net:vault-service:8082 - registration status: 204
2026-03-12T18:27:43.821+05:30  INFO 9200 --- [vault-service] [trap-executor-0] c.n.d.s.r.aws.ConfigClusterResolver      : Resolving eureka endpoints via configuration
2026-03-12T18:32:43.848+05:30  INFO 9200 --- [vault-service] [trap-executor-0] c.n.d.s.r.aws.ConfigClusterResolver      : Resolving eureka endpoints via configuration
2026-03-12T18:37:43.875+05:30  INFO 9200 --- [vault-service] [trap-executor-0] c.n.d.s.r.aws.ConfigClusterResolver      : Resolving eureka endpoints via configuration
